2026-03-10 16:32:55,903 - __main__ - INFO - Step 1: 获取股票列表...
2026-03-10 16:32:55,903 - src.data.fetcher - INFO - 使用本地持仓数据...
2026-03-10 16:34:42,130 - __main__ - INFO - Step 1: 获取股票列表...
2026-03-10 16:34:42,130 - src.data.fetcher - INFO - 使用本地持仓数据...
2026-03-10 16:34:42,142 - src.data.fetcher - INFO - 筛选结果: 主板股票 191 只, 分红>5次 187 只
2026-03-10 16:34:42,147 - __main__ - INFO - 获取到 187 只符合条件的股票
2026-03-10 16:34:42,147 - __main__ - INFO - Step 2: 计算股息率...
2026-03-10 16:34:42,148 - src.core.calculator - INFO - 处理 [1/3] 429 粤高速A...
2026-03-10 16:34:42,148 - src.core.calculator - WARNING - 获取 429 价格数据失败: 'int' object has no attribute 'startswith'
2026-03-10 16:34:42,148 - src.core.calculator - WARNING - 429 粤高速A: 无价格数据
2026-03-10 16:34:42,448 - src.core.calculator - INFO - 处理 [2/3] 600295 鄂尔多斯...
2026-03-10 16:34:42,449 - src.core.calculator - WARNING - 获取 600295 价格数据失败: 'int' object has no attribute 'startswith'
2026-03-10 16:34:42,449 - src.core.calculator - WARNING - 600295 鄂尔多斯: 无价格数据
2026-03-10 16:34:42,749 - src.core.calculator - INFO - 处理 [3/3] 600028 中国石化...
2026-03-10 16:34:42,749 - src.core.calculator - WARNING - 获取 600028 价格数据失败: 'int' object has no attribute 'startswith'
2026-03-10 16:34:42,749 - src.core.calculator - WARNING - 600028 中国石化: 无价格数据
2026-03-10 16:34:43,050 - __main__ - INFO - Step 3: 补充板块信息...
2026-03-10 16:34:43,074 - src.data.board_loader - INFO - 板块映射加载成功: 5564 条
2026-03-10 16:34:43,087 - src.data.board_loader - INFO - 申万行业映射加载成功: 5489 条
2026-03-10 16:34:43,090 - __main__ - INFO - Step 4: 导出结果...
2026-03-10 16:34:43,093 - __main__ - INFO - 结果已保存到 data/近3年股息率汇总.csv
2026-03-10 16:47:32,632 - __main__ - INFO - Step 1: 获取股票列表...
2026-03-10 16:47:32,632 - src.data.fetcher - INFO - 使用本地持仓数据...
2026-03-10 16:47:32,638 - src.data.fetcher - INFO - 筛选结果: 主板股票 191 只, 分红>5次 187 只
2026-03-10 16:47:32,643 - __main__ - INFO - 获取到 187 只符合条件的股票
2026-03-10 16:47:32,643 - __main__ - INFO - Step 2: 计算股息率...
2026-03-10 16:47:32,643 - src.core.calculator - INFO - 处理 [1/3] 429 粤高速A...
2026-03-10 16:47:32,643 - src.core.calculator - WARNING - 获取 429 价格数据失败: 'int' object has no attribute 'startswith'
2026-03-10 16:47:32,643 - src.core.calculator - WARNING - 429 粤高速A: 无价格数据
2026-03-10 16:47:32,944 - src.core.calculator - INFO - 处理 [2/3] 600295 鄂尔多斯...
2026-03-10 16:47:32,944 - src.core.calculator - WARNING - 获取 600295 价格数据失败: 'int' object has no attribute 'startswith'
2026-03-10 16:47:32,944 - src.core.calculator - WARNING - 600295 鄂尔多斯: 无价格数据
2026-03-10 16:47:33,244 - src.core.calculator - INFO - 处理 [3/3] 600028 中国石化...
2026-03-10 16:47:33,245 - src.core.calculator - WARNING - 获取 600028 价格数据失败: 'int' object has no attribute 'startswith'
2026-03-10 16:47:33,245 - src.core.calculator - WARNING - 600028 中国石化: 无价格数据
2026-03-10 16:47:33,545 - __main__ - INFO - Step 3: 补充板块信息...
2026-03-10 16:47:33,563 - src.data.board_loader - INFO - 板块映射加载成功: 5564 条
2026-03-10 16:47:33,575 - src.data.board_loader - INFO - 申万行业映射加载成功: 5489 条
2026-03-10 16:47:33,578 - __main__ - INFO - Step 4: 导出结果...
2026-03-10 16:47:33,582 - __main__ - INFO - 结果已保存到 data/近3年股息率汇总.csv
2026-03-10 16:53:08,564 - __main__ - INFO - Step 1: 获取股票列表...
2026-03-10 16:53:08,564 - src.data.fetcher - INFO - 使用本地持仓数据...
2026-03-10 16:53:08,570 - src.data.fetcher - INFO - 筛选结果: 主板股票 191 只, 分红>5次 187 只
2026-03-10 16:53:08,576 - __main__ - INFO - 获取到 187 只符合条件的股票
2026-03-10 16:53:08,576 - __main__ - INFO - Step 2: 计算股息率...
2026-03-10 16:53:08,576 - src.core.calculator - INFO - 处理 [1/3] 429 粤高速A...
2026-03-10 16:53:08,576 - src.core.calculator - WARNING - 获取 429 价格数据失败: 'int' object has no attribute 'startswith'
2026-03-10 16:53:08,577 - src.core.calculator - WARNING - 429 粤高速A: 无价格数据
2026-03-10 16:53:08,877 - src.core.calculator - INFO - 处理 [2/3] 600295 鄂尔多斯...
2026-03-10 16:53:08,877 - src.core.calculator - WARNING - 获取 600295 价格数据失败: 'int' object has no attribute 'startswith'
2026-03-10 16:53:08,877 - src.core.calculator - WARNING - 600295 鄂尔多斯: 无价格数据
2026-03-10 16:53:09,177 - src.core.calculator - INFO - 处理 [3/3] 600028 中国石化...
2026-03-10 16:53:09,178 - src.core.calculator - WARNING - 获取 600028 价格数据失败: 'int' object has no attribute 'startswith'
2026-03-10 16:53:09,178 - src.core.calculator - WARNING - 600028 中国石化: 无价格数据
2026-03-10 16:53:09,478 - __main__ - INFO - Step 3: 补充板块信息...
2026-03-10 16:53:09,496 - src.data.board_loader - INFO - 板块映射加载成功: 5564 条
2026-03-10 16:53:09,508 - src.data.board_loader - INFO - 申万行业映射加载成功: 5489 条
2026-03-10 16:53:09,511 - __main__ - INFO - Step 4: 导出结果...
2026-03-10 16:53:09,515 - __main__ - INFO - 结果已保存到 data/近3年股息率汇总.csv
2026-03-10 17:27:09,002 - __main__ - INFO - Step 1: 获取股票列表...
2026-03-10 17:27:09,003 - src.data.fetcher - INFO - 从API获取持仓数据...
2026-03-10 17:27:09,003 - src.data.fetcher - INFO - 获取指数 000922 的持仓数据...
2026-03-10 17:27:09,600 - src.data.fetcher - INFO -   中证红利: 100 只成分股
2026-03-10 17:27:10,101 - src.data.fetcher - INFO - 获取指数 932315 的持仓数据...
2026-03-10 17:27:10,630 - src.data.fetcher - INFO -   中证红利质量: 50 只成分股
2026-03-10 17:27:11,130 - src.data.fetcher - INFO - 获取指数 932309 的持仓数据...
2026-03-10 17:27:11,602 - src.data.fetcher - INFO -   红利增长: 50 只成分股
2026-03-10 17:27:12,103 - src.data.fetcher - INFO - 获取指数 931468 的持仓数据...
2026-03-10 17:27:12,438 - src.data.fetcher - INFO -   红利质量: 50 只成分股
2026-03-10 17:27:12,965 - src.data.fetcher - INFO - 持仓数据已保存: 219 条
2026-03-10 17:27:12,965 - src.data.fetcher - INFO - 获取分红次数数据...
2026-03-10 17:27:28,458 - __main__ - INFO - Step 1: 获取股票列表...
2026-03-10 17:27:28,458 - src.data.fetcher - INFO - 使用本地持仓数据...
2026-03-10 17:27:28,464 - src.data.fetcher - INFO - 筛选结果: 主板股票 191 只, 分红>5次 187 只
2026-03-10 17:27:28,470 - __main__ - INFO - 获取到 187 只符合条件的股票
2026-03-10 17:27:28,470 - __main__ - INFO - Step 2: 计算股息率...
2026-03-10 17:27:28,471 - src.core.calculator - INFO - 处理 [1/187] 429 粤高速A...
2026-03-10 17:27:28,471 - src.core.calculator - WARNING - 获取 429 价格数据失败: 'int' object has no attribute 'startswith'
2026-03-10 17:27:28,472 - src.core.calculator - WARNING - 429 粤高速A: 无价格数据
2026-03-10 17:27:28,772 - src.core.calculator - INFO - 处理 [2/187] 600295 鄂尔多斯...
2026-03-10 17:27:28,774 - src.core.calculator - WARNING - 获取 600295 价格数据失败: 'int' object has no attribute 'startswith'
2026-03-10 17:27:28,774 - src.core.calculator - WARNING - 600295 鄂尔多斯: 无价格数据
2026-03-10 17:27:29,074 - src.core.calculator - INFO - 处理 [3/187] 600028 中国石化...
2026-03-10 17:27:29,075 - src.core.calculator - WARNING - 获取 600028 价格数据失败: 'int' object has no attribute 'startswith'
2026-03-10 17:27:29,075 - src.core.calculator - WARNING - 600028 中国石化: 无价格数据
2026-03-10 17:27:29,376 - src.core.calculator - INFO - 处理 [4/187] 596 古井贡酒...
2026-03-10 17:27:29,376 - src.core.calculator - WARNING - 获取 596 价格数据失败: 'int' object has no attribute 'startswith'
2026-03-10 17:27:29,376 - src.core.calculator - WARNING - 596 古井贡酒: 无价格数据
2026-03-10 17:27:29,677 - src.core.calculator - INFO - 处理 [5/187] 513 丽珠集团...
2026-03-10 17:27:29,677 - src.core.calculator - WARNING - 获取 513 价格数据失败: 'int' object has no attribute 'startswith'
2026-03-10 17:27:29,677 - src.core.calculator - WARNING - 513 丽珠集团: 无价格数据
2026-03-10 17:27:29,978 - src.core.calculator - INFO - 处理 [6/187] 601318 中国平安...
2026-03-10 17:27:29,978 - src.core.calculator - WARNING - 获取 601318 价格数据失败: 'int' object has no attribute 'startswith'
2026-03-10 17:27:29,979 - src.core.calculator - WARNING - 601318 中国平安: 无价格数据
2026-03-10 17:27:30,279 - src.core.calculator - INFO - 处理 [7/187] 601857 中国石油...
2026-03-10 17:27:30,280 - src.core.calculator - WARNING - 获取 601857 价格数据失败: 'int' object has no attribute 'startswith'
2026-03-10 17:27:30,280 - src.core.calculator - WARNING - 601857 中国石油: 无价格数据
2026-03-10 17:27:30,581 - src.core.calculator - INFO - 处理 [8/187] 600188 兖矿能源...
2026-03-10 17:27:30,581 - src.core.calculator - WARNING - 获取 600188 价格数据失败: 'int' object has no attribute 'startswith'
2026-03-10 17:27:30,581 - src.core.calculator - WARNING - 600188 兖矿能源: 无价格数据
2026-03-10 17:27:30,882 - src.core.calculator - INFO - 处理 [9/187] 600016 民生银行...
2026-03-10 17:27:30,882 - src.core.calculator - WARNING - 获取 600016 价格数据失败: 'int' object has no attribute 'startswith'
2026-03-10 17:27:30,883 - src.core.calculator - WARNING - 600016 民生银行: 无价格数据
2026-03-10 17:27:31,183 - src.core.calculator - INFO - 处理 [10/187] 895 双汇发展...
2026-03-10 17:27:31,184 - src.core.calculator - WARNING - 获取 895 价格数据失败: 'int' object has no attribute 'startswith'
2026-03-10 17:27:31,184 - src.core.calculator - WARNING - 895 双汇发展: 无价格数据
2026-03-10 17:27:31,485 - src.core.calculator - INFO - 处理 [11/187] 651 格力电器...
2026-03-10 17:27:31,485 - src.core.calculator - WARNING - 获取 651 价格数据失败: 'int' object has no attribute 'startswith'
2026-03-10 17:27:31,485 - src.core.calculator - WARNING - 651 格力电器: 无价格数据
2026-03-10 17:27:31,786 - src.core.calculator - INFO - 处理 [12/187] 600177 雅戈尔...
2026-03-10 17:27:31,786 - src.core.calculator - WARNING - 获取 600177 价格数据失败: 'int' object has no attribute 'startswith'
2026-03-10 17:27:31,787 - src.core.calculator - WARNING - 600177 雅戈尔: 无价格数据
2026-03-10 17:27:32,087 - src.core.calculator - INFO - 处理 [13/187] 600600 青岛啤酒...
2026-03-10 17:27:32,088 - src.core.calculator - WARNING - 获取 600600 价格数据失败: 'int' object has no attribute 'startswith'
2026-03-10 17:27:32,088 - src.core.calculator - WARNING - 600600 青岛啤酒: 无价格数据
2026-03-10 17:27:32,388 - src.core.calculator - INFO - 处理 [14/187] 568 泸州老窖...
2026-03-10 17:27:32,388 - src.core.calculator - WARNING - 获取 568 价格数据失败: 'int' object has no attribute 'startswith'
2026-03-10 17:27:32,389 - src.core.calculator - WARNING - 568 泸州老窖: 无价格数据
2026-03-10 17:27:32,689 - src.core.calculator - INFO - 处理 [15/187] 600690 海尔智家...
2026-03-10 17:27:32,689 - src.core.calculator - WARNING - 获取 600690 价格数据失败: 'int' object has no attribute 'startswith'
2026-03-10 17:27:32,689 - src.core.calculator - WARNING - 600690 海尔智家: 无价格数据
2026-03-10 17:27:32,990 - src.core.calculator - INFO - 处理 [16/187] 600750 江中药业...
2026-03-10 17:27:32,990 - src.core.calculator - WARNING - 获取 600750 价格数据失败: 'int' object has no attribute 'startswith'
2026-03-10 17:27:32,991 - src.core.calculator - WARNING - 600750 江中药业: 无价格数据
2026-03-10 17:27:33,291 - src.core.calculator - INFO - 处理 [17/187] 600519 贵州茅台...
2026-03-10 17:27:33,292 - src.core.calculator - WARNING - 获取 600519 价格数据失败: 'int' object has no attribute 'startswith'
2026-03-10 17:27:33,292 - src.core.calculator - WARNING - 600519 贵州茅台: 无价格数据
2026-03-10 17:27:33,592 - src.core.calculator - INFO - 处理 [18/187] 423 东阿阿胶...
2026-03-10 17:27:33,593 - src.core.calculator - WARNING - 获取 423 价格数据失败: 'int' object has no attribute 'startswith'
2026-03-10 17:27:33,593 - src.core.calculator - WARNING - 423 东阿阿胶: 无价格数据
2026-03-10 17:27:33,894 - src.core.calculator - INFO - 处理 [19/187] 543 皖能电力...
2026-03-10 17:27:33,894 - src.core.calculator - WARNING - 获取 543 价格数据失败: 'int' object has no attribute 'startswith'
2026-03-10 17:27:33,894 - src.core.calculator - WARNING - 543 皖能电力: 无价格数据
2026-03-10 17:27:34,195 - src.core.calculator - INFO - 处理 [20/187] 600153 建发股份...
2026-03-10 17:27:34,196 - src.core.calculator - WARNING - 获取 600153 价格数据失败: 'int' object has no attribute 'startswith'
2026-03-10 17:27:34,196 - src.core.calculator - WARNING - 600153 建发股份: 无价格数据
2026-03-10 17:27:34,496 - src.core.calculator - INFO - 处理 [21/187] 786 北新建材...
2026-03-10 17:27:34,497 - src.core.calculator - WARNING - 获取 786 价格数据失败: 'int' object has no attribute 'startswith'
2026-03-10 17:27:34,497 - src.core.calculator - WARNING - 786 北新建材: 无价格数据
2026-03-10 17:27:34,798 - src.core.calculator - INFO - 处理 [22/187] 600729 重庆百货...
2026-03-10 17:27:34,798 - src.core.calculator - WARNING - 获取 600729 价格数据失败: 'int' object has no attribute 'startswith'
2026-03-10 17:27:34,799 - src.core.calculator - WARNING - 600729 重庆百货: 无价格数据
2026-03-10 17:27:35,099 - src.core.calculator - INFO - 处理 [23/187] 600323 瀚蓝环境...
2026-03-10 17:27:35,100 - src.core.calculator - WARNING - 获取 600323 价格数据失败: 'int' object has no attribute 'startswith'
2026-03-10 17:27:35,100 - src.core.calculator - WARNING - 600323 瀚蓝环境: 无价格数据
2026-03-10 17:27:35,401 - src.core.calculator - INFO - 处理 [24/187] 157 中联重科...
2026-03-10 17:27:35,402 - src.core.calculator - WARNING - 获取 157 价格数据失败: 'int' object has no attribute 'startswith'
2026-03-10 17:27:35,402 - src.core.calculator - WARNING - 157 中联重科: 无价格数据
2026-03-10 17:27:35,702 - src.core.calculator - INFO - 处理 [25/187] 729 燕京啤酒...
2026-03-10 17:27:35,703 - src.core.calculator - WARNING - 获取 729 价格数据失败: 'int' object has no attribute 'startswith'
2026-03-10 17:27:35,703 - src.core.calculator - WARNING - 729 燕京啤酒: 无价格数据
2026-03-10 17:27:36,003 - src.core.calculator - INFO - 处理 [26/187] 600660 福耀玻璃...
2026-03-10 17:27:36,004 - src.core.calculator - WARNING - 获取 600660 价格数据失败: 'int' object has no attribute 'startswith'
2026-03-10 17:27:36,004 - src.core.calculator - WARNING - 600660 福耀玻璃: 无价格数据
2026-03-10 17:27:36,305 - src.core.calculator - INFO - 处理 [27/187] 2555 三七互娱...
2026-03-10 17:27:36,305 - src.core.calculator - WARNING - 获取 2555 价格数据失败: 'int' object has no attribute 'startswith'
2026-03-10 17:27:36,305 - src.core.calculator - WARNING - 2555 三七互娱: 无价格数据
2026-03-10 17:27:36,606 - src.core.calculator - INFO - 处理 [28/187] 600210 紫江企业...
2026-03-10 17:27:36,606 - src.core.calculator - WARNING - 获取 600210 价格数据失败: 'int' object has no attribute 'startswith'
2026-03-10 17:27:36,606 - src.core.calculator - WARNING - 600210 紫江企业: 无价格数据
2026-03-10 17:27:36,907 - src.core.calculator - INFO - 处理 [29/187] 563 陕国投A...
2026-03-10 17:27:36,907 - src.core.calculator - WARNING - 获取 563 价格数据失败: 'int' object has no attribute 'startswith'
2026-03-10 17:27:36,908 - src.core.calculator - WARNING - 563 陕国投A: 无价格数据
2026-03-10 17:27:37,208 - src.core.calculator - INFO - 处理 [30/187] 600761 安徽合力...
2026-03-10 17:27:37,209 - src.core.calculator - WARNING - 获取 600761 价格数据失败: 'int' object has no attribute 'startswith'
2026-03-10 17:27:37,209 - src.core.calculator - WARNING - 600761 安徽合力: 无价格数据
2026-03-10 17:27:37,510 - src.core.calculator - INFO - 处理 [31/187] 600273 嘉化能源...
2026-03-10 17:27:37,510 - src.core.calculator - WARNING - 获取 600273 价格数据失败: 'int' object has no attribute 'startswith'
2026-03-10 17:27:37,511 - src.core.calculator - WARNING - 600273 嘉化能源: 无价格数据
2026-03-10 17:27:37,811 - src.core.calculator - INFO - 处理 [32/187] 933 神火股份...
2026-03-10 17:27:37,812 - src.core.calculator - WARNING - 获取 933 价格数据失败: 'int' object has no attribute 'startswith'
2026-03-10 17:27:37,812 - src.core.calculator - WARNING - 933 神火股份: 无价格数据
2026-03-10 17:27:38,113 - src.core.calculator - INFO - 处理 [33/187] 983 山西焦煤...
2026-03-10 17:27:38,113 - src.core.calculator - WARNING - 获取 983 价格数据失败: 'int' object has no attribute 'startswith'
2026-03-10 17:27:38,113 - src.core.calculator - WARNING - 983 山西焦煤: 无价格数据
2026-03-10 17:27:38,414 - src.core.calculator - INFO - 处理 [34/187] 600362 江西铜业...
2026-03-10 17:27:38,414 - src.core.calculator - WARNING - 获取 600362 价格数据失败: 'int' object has no attribute 'startswith'
2026-03-10 17:27:38,414 - src.core.calculator - WARNING - 600362 江西铜业: 无价格数据
2026-03-10 17:29:00,568 - __main__ - INFO - Step 1: 获取股票列表...
2026-03-10 17:29:00,568 - src.data.fetcher - INFO - 使用本地持仓数据...
2026-03-10 17:29:00,576 - src.data.fetcher - INFO - 筛选结果: 主板股票 191 只, 分红>5次 187 只
2026-03-10 17:29:00,583 - __main__ - INFO - 获取到 187 只符合条件的股票
2026-03-10 17:29:00,583 - __main__ - INFO - Step 2: 计算股息率...
2026-03-10 17:29:00,583 - src.core.calculator - INFO - 处理 [1/2] 429 粤高速A...
2026-03-10 17:29:01,362 - src.core.calculator - WARNING - 获取 000429 分红数据失败: stock_history_dividend() got an unexpected keyword argument 'symbol'
2026-03-10 17:29:01,672 - src.core.calculator - INFO - 处理 [2/2] 600295 鄂尔多斯...
2026-03-10 17:29:02,197 - src.core.calculator - WARNING - 获取 600295 分红数据失败: stock_history_dividend() got an unexpected keyword argument 'symbol'
2026-03-10 17:29:02,503 - __main__ - INFO - Step 3: 补充板块信息...
2026-03-10 17:29:02,521 - src.data.board_loader - INFO - 板块映射加载成功: 5564 条
2026-03-10 17:29:02,530 - src.data.board_loader - INFO - 申万行业映射加载成功: 5489 条
2026-03-10 17:29:02,532 - __main__ - INFO - Step 4: 导出结果...
2026-03-10 17:29:02,535 - __main__ - INFO - 结果已保存到 data/近3年股息率汇总.csv
2026-03-10 17:31:56,188 - __main__ - INFO - Step 1: 获取股票列表...
2026-03-10 17:31:56,188 - src.data.fetcher - INFO - 使用本地持仓数据...
2026-03-10 17:31:56,195 - src.data.fetcher - INFO - 筛选结果: 主板股票 191 只, 分红>5次 187 只
2026-03-10 17:31:56,200 - __main__ - INFO - 获取到 187 只符合条件的股票
2026-03-10 17:31:56,200 - __main__ - INFO - Step 2: 计算股息率...
2026-03-10 17:31:56,201 - src.core.calculator - INFO - 处理 [1/2] 429 粤高速A...
2026-03-10 17:31:56,935 - src.core.calculator - WARNING - 获取 000429 分红数据失败: stock_history_dividend() got an unexpected keyword argument 'symbol'
2026-03-10 17:31:57,243 - src.core.calculator - INFO - 处理 [2/2] 600295 鄂尔多斯...
2026-03-10 17:31:57,820 - src.core.calculator - WARNING - 获取 600295 分红数据失败: stock_history_dividend() got an unexpected keyword argument 'symbol'
2026-03-10 17:31:58,126 - __main__ - INFO - Step 3: 补充板块信息...
2026-03-10 17:31:58,142 - src.data.board_loader - INFO - 板块映射加载成功: 5564 条
2026-03-10 17:31:58,151 - src.data.board_loader - INFO - 申万行业映射加载成功: 5489 条
2026-03-10 17:31:58,154 - __main__ - INFO - Step 4: 导出结果...
2026-03-10 17:31:58,157 - __main__ - INFO - 结果已保存到 data/近3年股息率汇总.csv
2026-03-10 17:32:10,914 - __main__ - INFO - Step 1: 获取股票列表...
2026-03-10 17:32:10,915 - src.data.fetcher - INFO - 使用本地持仓数据...
2026-03-10 17:32:10,921 - src.data.fetcher - INFO - 筛选结果: 主板股票 191 只, 分红>5次 187 只
2026-03-10 17:32:10,927 - __main__ - INFO - 获取到 187 只符合条件的股票
2026-03-10 17:32:10,927 - __main__ - INFO - Step 2: 计算股息率...
2026-03-10 17:32:10,928 - src.core.calculator - INFO - 处理 [1/2] 429 粤高速A...
2026-03-10 17:32:12,588 - src.core.calculator - WARNING - 获取 000429 分红数据失败: stock_history_dividend() got an unexpected keyword argument 'symbol'
2026-03-10 17:32:12,897 - src.core.calculator - INFO - 处理 [2/2] 600295 鄂尔多斯...
2026-03-10 17:32:13,520 - src.core.calculator - WARNING - 获取 600295 分红数据失败: stock_history_dividend() got an unexpected keyword argument 'symbol'
2026-03-10 17:32:13,829 - __main__ - INFO - Step 3: 补充板块信息...
2026-03-10 17:32:13,853 - src.data.board_loader - INFO - 板块映射加载成功: 5564 条
2026-03-10 17:32:13,870 - src.data.board_loader - INFO - 申万行业映射加载成功: 5489 条
2026-03-10 17:32:13,874 - __main__ - INFO - Step 4: 导出结果...
2026-03-10 17:32:13,879 - __main__ - INFO - 结果已保存到 data/近3年股息率汇总.csv
2026-03-10 17:35:17,694 - __main__ - INFO - Step 1: 获取股票列表...
2026-03-10 17:35:17,694 - src.data.fetcher - INFO - 使用本地持仓数据...
2026-03-10 17:35:17,701 - src.data.fetcher - INFO - 筛选结果: 主板股票 191 只, 分红>5次 187 只
2026-03-10 17:35:17,706 - __main__ - INFO - 获取到 187 只符合条件的股票
2026-03-10 17:35:17,706 - __main__ - INFO - Step 2: 计算股息率...
2026-03-10 17:35:17,706 - src.core.calculator - INFO - 处理 [1/2] 429 粤高速A...
2026-03-10 17:35:20,989 - src.core.calculator - INFO - 处理 [2/2] 600295 鄂尔多斯...
2026-03-10 17:35:22,049 - __main__ - INFO - Step 3: 补充板块信息...
2026-03-10 17:35:22,066 - src.data.board_loader - INFO - 板块映射加载成功: 5564 条
2026-03-10 17:35:22,076 - src.data.board_loader - INFO - 申万行业映射加载成功: 5489 条
2026-03-10 17:35:22,078 - __main__ - INFO - Step 4: 导出结果...
2026-03-10 17:35:22,082 - __main__ - INFO - 结果已保存到 data/近3年股息率汇总.csv
2026-03-10 17:35:49,663 - __main__ - INFO - Step 1: 获取股票列表...
2026-03-10 17:35:49,663 - src.data.fetcher - INFO - 使用本地持仓数据...
2026-03-10 17:35:49,668 - src.data.fetcher - INFO - 筛选结果: 主板股票 191 只, 分红>5次 187 只
2026-03-10 17:35:49,677 - __main__ - INFO - 获取到 187 只符合条件的股票
2026-03-10 17:35:49,677 - __main__ - INFO - Step 2: 计算股息率...
2026-03-10 17:35:49,678 - src.core.calculator - INFO - 处理 [1/2] 429 粤高速A...
2026-03-10 17:35:51,971 - src.core.calculator - INFO - 处理 [2/2] 600295 鄂尔多斯...
2026-03-10 17:35:52,781 - __main__ - INFO - Step 3: 补充板块信息...
2026-03-10 17:35:52,798 - src.data.board_loader - INFO - 板块映射加载成功: 5564 条
2026-03-10 17:35:52,808 - src.data.board_loader - INFO - 申万行业映射加载成功: 5489 条
2026-03-10 17:35:52,810 - __main__ - INFO - Step 4: 导出结果...
2026-03-10 17:35:52,814 - __main__ - INFO - 结果已保存到 data/近3年股息率汇总.csv
2026-03-10 17:37:27,543 - __main__ - INFO - Step 1: 获取股票列表...
2026-03-10 17:37:27,544 - src.data.fetcher - INFO - 使用本地持仓数据...
2026-03-10 17:37:27,550 - src.data.fetcher - INFO - 筛选结果: 主板股票 191 只, 分红>5次 187 只
2026-03-10 17:37:27,554 - __main__ - INFO - 获取到 187 只符合条件的股票
2026-03-10 17:37:27,554 - __main__ - INFO - Step 2: 计算股息率...
2026-03-10 17:37:27,555 - src.core.calculator - INFO - 处理 [1/2] 429 粤高速A...
2026-03-10 17:37:30,118 - src.core.calculator - INFO - 处理 [2/2] 600295 鄂尔多斯...
2026-03-10 17:37:30,911 - __main__ - INFO - Step 3: 补充板块信息...
2026-03-10 17:37:30,931 - src.data.board_loader - INFO - 板块映射加载成功: 5564 条
2026-03-10 17:37:30,944 - src.data.board_loader - INFO - 申万行业映射加载成功: 5489 条
2026-03-10 17:37:30,946 - __main__ - INFO - Step 4: 导出结果...
2026-03-10 17:37:30,951 - __main__ - INFO - 结果已保存到 data/近3年股息率汇总.csv
2026-03-10 17:39:28,253 - __main__ - INFO - Step 1: 获取股票列表...
2026-03-10 17:39:28,253 - src.data.fetcher - INFO - 使用本地持仓数据...
2026-03-10 17:39:28,262 - src.data.fetcher - INFO - 筛选结果: 主板股票 191 只, 分红>5次 187 只
2026-03-10 17:39:28,271 - __main__ - INFO - 获取到 187 只符合条件的股票
2026-03-10 17:39:28,271 - __main__ - INFO - Step 2: 计算股息率...
2026-03-10 17:39:28,271 - src.core.calculator - INFO - 处理 [1/3] 429 粤高速A...
2026-03-10 17:39:30,065 - src.core.calculator - INFO - 处理 [2/3] 600295 鄂尔多斯...
2026-03-10 17:39:31,417 - src.core.calculator - INFO - 处理 [3/3] 600028 中国石化...
2026-03-10 17:39:32,720 - __main__ - INFO - Step 3: 补充板块信息...
2026-03-10 17:39:32,742 - src.data.board_loader - INFO - 板块映射加载成功: 5564 条
2026-03-10 17:39:32,756 - src.data.board_loader - INFO - 申万行业映射加载成功: 5489 条
2026-03-10 17:39:32,762 - __main__ - INFO - Step 4: 导出结果...
2026-03-10 17:39:32,770 - __main__ - INFO - 结果已保存到 data/近3年股息率汇总.csv
2026-03-10 17:39:38,648 - __main__ - INFO - Step 1: 获取股票列表...
2026-03-10 17:39:38,649 - src.data.fetcher - INFO - 使用本地持仓数据...
2026-03-10 17:39:38,658 - src.data.fetcher - INFO - 筛选结果: 主板股票 191 只, 分红>5次 187 只
2026-03-10 17:39:38,670 - __main__ - INFO - 获取到 187 只符合条件的股票
2026-03-10 17:39:38,671 - __main__ - INFO - Step 2: 计算股息率...
2026-03-10 17:39:38,671 - src.core.calculator - INFO - 处理 [1/2] 429 粤高速A...
2026-03-10 17:39:40,109 - src.core.calculator - INFO - 处理 [2/2] 600295 鄂尔多斯...
2026-03-10 17:39:41,440 - __main__ - INFO - Step 3: 补充板块信息...
2026-03-10 17:39:41,459 - src.data.board_loader - INFO - 板块映射加载成功: 5564 条
2026-03-10 17:39:41,471 - src.data.board_loader - INFO - 申万行业映射加载成功: 5489 条
2026-03-10 17:39:41,473 - __main__ - INFO - Step 4: 导出结果...
2026-03-10 17:39:41,477 - __main__ - INFO - 结果已保存到 data/近3年股息率汇总.csv
2026-03-10 17:40:33,429 - __main__ - INFO - Step 1: 获取股票列表...
2026-03-10 17:40:33,429 - src.data.fetcher - INFO - 使用本地持仓数据...
2026-03-10 17:40:33,434 - src.data.fetcher - INFO - 筛选结果: 主板股票 191 只, 分红>5次 187 只
2026-03-10 17:40:33,439 - __main__ - INFO - 获取到 187 只符合条件的股票
2026-03-10 17:40:33,440 - __main__ - INFO - Step 2: 计算股息率...
2026-03-10 17:40:33,440 - src.core.calculator - INFO - 处理 [1/5] 429 粤高速A...
2026-03-10 17:40:35,038 - src.core.calculator - INFO - 处理 [2/5] 600295 鄂尔多斯...
2026-03-10 17:40:36,335 - src.core.calculator - INFO - 处理 [3/5] 600028 中国石化...
2026-03-10 17:40:37,618 - src.core.calculator - INFO - 处理 [4/5] 596 古井贡酒...
2026-03-10 17:40:38,894 - src.core.calculator - INFO - 处理 [5/5] 513 丽珠集团...
2026-03-10 17:40:40,194 - __main__ - INFO - Step 3: 补充板块信息...
2026-03-10 17:40:40,211 - src.data.board_loader - INFO - 板块映射加载成功: 5564 条
2026-03-10 17:40:40,223 - src.data.board_loader - INFO - 申万行业映射加载成功: 5489 条
2026-03-10 17:40:40,229 - __main__ - INFO - Step 4: 导出结果...
2026-03-10 17:40:40,234 - __main__ - INFO - 结果已保存到 data/近3年股息率汇总.csv
2026-03-10 17:47:20,954 - __main__ - INFO - Step 1: 获取股票列表...
2026-03-10 17:47:20,954 - src.data.fetcher - INFO - 使用本地持仓数据...
2026-03-10 17:47:20,959 - src.data.fetcher - INFO - 筛选结果: 主板股票 191 只, 分红>5次 187 只
2026-03-10 17:47:20,963 - __main__ - INFO - 获取到 187 只符合条件的股票
2026-03-10 17:47:20,963 - __main__ - INFO - Step 2: 计算股息率...
2026-03-10 17:47:20,963 - src.core.calculator - INFO - 处理 [1/3] 429 粤高速A...
2026-03-10 17:47:22,644 - src.core.calculator - INFO - 处理 [2/3] 600295 鄂尔多斯...
2026-03-10 17:47:24,053 - src.core.calculator - INFO - 处理 [3/3] 600028 中国石化...
2026-03-10 17:47:25,350 - __main__ - INFO - Step 3: 补充板块信息...
2026-03-10 17:47:25,367 - src.data.board_loader - INFO - 板块映射加载成功: 5564 条
2026-03-10 17:47:25,376 - src.data.board_loader - INFO - 申万行业映射加载成功: 5489 条
2026-03-10 17:47:25,384 - __main__ - INFO - Step 4: 导出结果...
2026-03-10 17:47:25,387 - __main__ - INFO - 结果已保存到 data/近3年股息率汇总.csv
2026-03-10 17:47:33,590 - __main__ - INFO - Step 1: 获取股票列表...
2026-03-10 17:47:33,590 - src.data.fetcher - INFO - 使用本地持仓数据...
2026-03-10 17:47:33,596 - src.data.fetcher - INFO - 筛选结果: 主板股票 191 只, 分红>5次 187 只
2026-03-10 17:47:33,601 - __main__ - INFO - 获取到 187 只符合条件的股票
2026-03-10 17:47:33,601 - __main__ - INFO - Step 2: 计算股息率...
2026-03-10 17:47:33,601 - src.core.calculator - INFO - 处理 [1/5] 429 粤高速A...
2026-03-10 17:47:35,462 - src.core.calculator - INFO - 处理 [2/5] 600295 鄂尔多斯...
2026-03-10 17:47:37,020 - src.core.calculator - INFO - 处理 [3/5] 600028 中国石化...
2026-03-10 17:47:38,308 - src.core.calculator - INFO - 处理 [4/5] 596 古井贡酒...
2026-03-10 17:47:39,703 - src.core.calculator - INFO - 处理 [5/5] 513 丽珠集团...
2026-03-10 17:47:41,101 - __main__ - INFO - Step 3: 补充板块信息...
2026-03-10 17:47:41,124 - src.data.board_loader - INFO - 板块映射加载成功: 5564 条
2026-03-10 17:47:41,138 - src.data.board_loader - INFO - 申万行业映射加载成功: 5489 条
2026-03-10 17:47:41,159 - __main__ - INFO - Step 4: 导出结果...
2026-03-10 17:47:41,163 - __main__ - INFO - 结果已保存到 data/近3年股息率汇总.csv
2026-03-10 17:51:08,685 - __main__ - INFO - Step 1: 获取股票列表...
2026-03-10 17:51:08,685 - src.data.fetcher - INFO - 使用本地持仓数据...
2026-03-10 17:51:08,691 - src.data.fetcher - INFO - 筛选结果: 主板股票 191 只, 分红>5次 187 只
2026-03-10 17:51:08,696 - __main__ - INFO - 获取到 187 只符合条件的股票
2026-03-10 17:51:08,696 - __main__ - INFO - Step 2: 计算股息率...
2026-03-10 17:51:08,696 - src.core.calculator - INFO - 处理 [1/3] 429 粤高速A...
2026-03-10 17:51:10,724 - src.core.calculator - INFO - 处理 [2/3] 600295 鄂尔多斯...
2026-03-10 17:51:13,165 - src.core.calculator - INFO - 处理 [3/3] 600028 中国石化...
2026-03-10 17:51:15,840 - __main__ - INFO - Step 3: 补充板块信息...
2026-03-10 17:51:15,883 - src.data.board_loader - INFO - 板块映射加载成功: 5564 条
2026-03-10 17:51:15,918 - src.data.board_loader - INFO - 申万行业映射加载成功: 5489 条
2026-03-10 17:51:15,948 - __main__ - INFO - Step 4: 导出结果...
2026-03-10 17:51:15,960 - __main__ - INFO - 结果已保存到 data/近3年股息率汇总.csv
2026-03-10 17:52:49,288 - __main__ - INFO - Step 1: 获取股票列表...
2026-03-10 17:52:49,289 - src.data.fetcher - INFO - 使用本地持仓数据...
2026-03-10 17:52:49,294 - src.data.fetcher - INFO - 筛选结果: 主板股票 191 只, 分红>5次 187 只
2026-03-10 17:52:49,299 - __main__ - INFO - 获取到 187 只符合条件的股票
2026-03-10 17:52:49,299 - __main__ - INFO - Step 2: 计算股息率...
2026-03-10 17:52:49,300 - src.core.calculator - INFO - 处理 [1/5] 429 粤高速A...
2026-03-10 17:52:50,828 - src.core.calculator - INFO - 处理 [2/5] 600295 鄂尔多斯...
2026-03-10 17:52:52,162 - src.core.calculator - INFO - 处理 [3/5] 600028 中国石化...
2026-03-10 17:52:53,345 - src.core.calculator - INFO - 处理 [4/5] 596 古井贡酒...
2026-03-10 17:52:54,703 - src.core.calculator - INFO - 处理 [5/5] 513 丽珠集团...
2026-03-10 17:52:56,088 - __main__ - INFO - Step 3: 补充板块信息...
2026-03-10 17:52:56,117 - src.data.board_loader - INFO - 板块映射加载成功: 5564 条
2026-03-10 17:52:56,139 - src.data.board_loader - INFO - 申万行业映射加载成功: 5489 条
2026-03-10 17:52:56,163 - __main__ - INFO - Step 4: 导出结果...
2026-03-10 17:52:56,170 - __main__ - INFO - 结果已保存到 data/近3年股息率汇总.csv
2026-03-10 18:03:33,161 - __main__ - INFO - Step 1: 获取股票列表...
2026-03-10 18:03:33,162 - src.data.fetcher - INFO - 从API获取持仓数据...
2026-03-10 18:03:33,162 - src.data.fetcher - INFO - 获取指数 000922 的持仓数据...
2026-03-10 18:03:38,291 - __main__ - INFO - Step 1: 获取股票列表...
2026-03-10 18:03:38,292 - src.data.fetcher - INFO - 使用本地持仓数据...
2026-03-10 18:03:38,298 - src.data.fetcher - INFO - 筛选结果: 主板股票 191 只, 分红>5次 187 只
2026-03-10 18:03:38,306 - __main__ - INFO - 获取到 187 只符合条件的股票
2026-03-10 18:03:38,306 - __main__ - INFO - Step 2: 计算股息率...
2026-03-10 18:03:38,307 - src.core.calculator - INFO - 处理 [1/5] 429 粤高速A...
2026-03-10 18:03:41,394 - src.core.calculator - INFO - 处理 [2/5] 600295 鄂尔多斯...
2026-03-10 18:03:43,276 - src.core.calculator - INFO - 处理 [3/5] 600028 中国石化...
2026-03-10 18:03:44,545 - src.core.calculator - INFO - 处理 [4/5] 596 古井贡酒...
2026-03-10 18:03:45,965 - src.core.calculator - INFO - 处理 [5/5] 513 丽珠集团...
2026-03-10 18:03:47,451 - __main__ - INFO - Step 3: 补充板块信息...
2026-03-10 18:03:47,468 - src.data.board_loader - INFO - 板块映射加载成功: 5564 条
2026-03-10 18:03:47,483 - src.data.board_loader - INFO - 申万行业映射加载成功: 5489 条
2026-03-10 18:03:47,498 - __main__ - INFO - Step 4: 导出结果...
2026-03-10 18:03:47,502 - __main__ - INFO - 结果已保存到 data/近3年股息率汇总.csv
2026-03-10 18:17:22,428 - __main__ - INFO - Step 1: 获取股票列表...
2026-03-10 18:17:22,428 - src.data.fetcher - INFO - 使用本地持仓数据...
2026-03-10 18:17:22,434 - src.data.fetcher - INFO - 筛选结果: 主板股票 191 只, 分红>5次 187 只
2026-03-10 18:17:22,439 - __main__ - INFO - 获取到 187 只符合条件的股票
2026-03-10 18:17:22,439 - __main__ - INFO - Step 2: 计算股息率...
2026-03-10 18:17:22,439 - src.core.calculator - INFO - 处理 [1/3] 429 粤高速A...
2026-03-10 18:17:23,879 - src.core.calculator - INFO - 处理 [2/3] 600295 鄂尔多斯...
2026-03-10 18:17:25,186 - src.core.calculator - INFO - 处理 [3/3] 600028 中国石化...
2026-03-10 18:17:26,545 - __main__ - INFO - Step 3: 补充板块信息...
2026-03-10 18:17:26,588 - src.data.board_loader - INFO - 板块映射加载成功: 5564 条
2026-03-10 18:17:26,610 - src.data.board_loader - INFO - 申万行业映射加载成功: 5489 条
2026-03-10 18:17:26,624 - __main__ - INFO - Step 4: 导出结果...
2026-03-10 18:17:26,632 - __main__ - INFO - 结果已保存到 data/近3年股息率汇总.csv
2026-03-10 18:17:48,323 - __main__ - INFO - Step 1: 获取股票列表...
2026-03-10 18:17:48,324 - src.data.fetcher - INFO - 使用本地持仓数据...
2026-03-10 18:17:48,329 - src.data.fetcher - INFO - 筛选结果: 主板股票 191 只, 分红>5次 187 只
2026-03-10 18:17:48,333 - __main__ - INFO - 获取到 187 只符合条件的股票
2026-03-10 18:17:48,333 - __main__ - INFO - Step 2: 计算股息率...
2026-03-10 18:17:48,333 - src.core.calculator - INFO - 处理 [1/3] 429 粤高速A...
2026-03-10 18:17:49,765 - src.core.calculator - INFO - 处理 [2/3] 600295 鄂尔多斯...
2026-03-10 18:17:50,997 - src.core.calculator - INFO - 处理 [3/3] 600028 中国石化...
2026-03-10 18:17:52,206 - __main__ - INFO - Step 3: 补充板块信息...
2026-03-10 18:17:52,235 - src.data.board_loader - INFO - 板块映射加载成功: 5564 条
2026-03-10 18:17:52,246 - src.data.board_loader - INFO - 申万行业映射加载成功: 5489 条
2026-03-10 18:17:52,256 - __main__ - INFO - Step 4: 导出结果...
2026-03-10 18:17:52,260 - __main__ - INFO - 结果已保存到 data/近3年股息率汇总.csv
2026-03-10 18:18:54,135 - __main__ - INFO - Step 1: 获取股票列表...
2026-03-10 18:18:54,135 - src.data.fetcher - INFO - 使用本地持仓数据...
2026-03-10 18:18:54,140 - src.data.fetcher - INFO - 筛选结果: 主板股票 191 只, 分红>5次 187 只
2026-03-10 18:18:54,147 - __main__ - INFO - 获取到 187 只符合条件的股票
2026-03-10 18:18:54,147 - __main__ - INFO - Step 2: 计算股息率...
2026-03-10 18:18:54,148 - src.core.calculator - INFO - 处理 [1/5] 429 粤高速A...
2026-03-10 18:18:55,808 - src.core.calculator - INFO - 处理 [2/5] 600295 鄂尔多斯...
2026-03-10 18:18:57,371 - src.core.calculator - INFO - 处理 [3/5] 600028 中国石化...
2026-03-10 18:18:58,865 - src.core.calculator - INFO - 处理 [4/5] 596 古井贡酒...
2026-03-10 18:19:00,432 - src.core.calculator - INFO - 处理 [5/5] 513 丽珠集团...
2026-03-10 18:19:01,987 - __main__ - INFO - Step 3: 补充板块信息...
2026-03-10 18:19:02,003 - src.data.board_loader - INFO - 板块映射加载成功: 5564 条
2026-03-10 18:19:02,016 - src.data.board_loader - INFO - 申万行业映射加载成功: 5489 条
2026-03-10 18:19:02,031 - __main__ - INFO - Step 4: 导出结果...
2026-03-10 18:19:02,036 - __main__ - INFO - 结果已保存到 data/近3年股息率汇总.csv
2026-03-10 18:25:20,356 - __main__ - INFO - Step 1: 获取股票列表...
2026-03-10 18:25:20,356 - src.data.fetcher - INFO - 使用本地持仓数据...
2026-03-10 18:25:20,361 - src.data.fetcher - INFO - 筛选结果: 主板股票 191 只, 分红>5次 187 只
2026-03-10 18:25:20,367 - __main__ - INFO - 获取到 187 只符合条件的股票
2026-03-10 18:25:20,367 - __main__ - INFO - Step 2: 计算股息率...
2026-03-10 18:25:20,367 - src.core.calculator - INFO - 处理 [1/187] 429 粤高速A...
2026-03-10 18:25:22,124 - src.core.calculator - INFO - 处理 [2/187] 600295 鄂尔多斯...
2026-03-10 18:25:23,313 - src.core.calculator - INFO - 处理 [3/187] 600028 中国石化...
2026-03-10 18:25:25,142 - src.core.calculator - INFO - 处理 [4/187] 596 古井贡酒...
2026-03-10 18:25:26,609 - src.core.calculator - INFO - 处理 [5/187] 513 丽珠集团...
2026-03-10 18:25:28,312 - src.core.calculator - INFO - 处理 [6/187] 601318 中国平安...
2026-03-10 18:25:29,693 - src.core.calculator - INFO - 处理 [7/187] 601857 中国石油...
2026-03-10 18:25:31,168 - src.core.calculator - INFO - 处理 [8/187] 600188 兖矿能源...
2026-03-10 18:25:32,711 - src.core.calculator - INFO - 处理 [9/187] 600016 民生银行...
2026-03-10 18:25:34,068 - src.core.calculator - INFO - 处理 [10/187] 895 双汇发展...
2026-03-10 18:25:35,370 - src.core.calculator - INFO - 处理 [11/187] 651 格力电器...
2026-03-10 18:25:36,638 - src.core.calculator - INFO - 处理 [12/187] 600177 雅戈尔...
2026-03-10 18:25:38,160 - src.core.calculator - INFO - 处理 [13/187] 600600 青岛啤酒...
2026-03-10 18:25:39,392 - src.core.calculator - INFO - 处理 [14/187] 568 泸州老窖...
2026-03-10 18:25:40,625 - src.core.calculator - INFO - 处理 [15/187] 600690 海尔智家...
2026-03-10 18:25:42,517 - src.core.calculator - INFO - 处理 [16/187] 600750 江中药业...
2026-03-10 18:25:43,918 - src.core.calculator - INFO - 处理 [17/187] 600519 贵州茅台...
2026-03-10 18:25:45,141 - src.core.calculator - INFO - 处理 [18/187] 423 东阿阿胶...
2026-03-10 18:25:46,526 - src.core.calculator - INFO - 处理 [19/187] 543 皖能电力...
2026-03-10 18:25:47,893 - src.core.calculator - INFO - 处理 [20/187] 600153 建发股份...
2026-03-10 18:25:49,186 - src.core.calculator - INFO - 处理 [21/187] 786 北新建材...
2026-03-10 18:25:50,443 - src.core.calculator - INFO - 处理 [22/187] 600729 重庆百货...
2026-03-10 18:25:51,710 - src.core.calculator - INFO - 处理 [23/187] 600323 瀚蓝环境...
2026-03-10 18:25:52,949 - src.core.calculator - INFO - 处理 [24/187] 157 中联重科...
2026-03-10 18:25:54,201 - src.core.calculator - INFO - 处理 [25/187] 729 燕京啤酒...
2026-03-10 18:25:55,599 - src.core.calculator - INFO - 处理 [26/187] 600660 福耀玻璃...
2026-03-10 18:25:56,996 - src.core.calculator - INFO - 处理 [27/187] 2555 三七互娱...
2026-03-10 18:25:58,582 - src.core.calculator - INFO - 处理 [28/187] 600210 紫江企业...
2026-03-10 18:25:59,892 - src.core.calculator - INFO - 处理 [29/187] 563 陕国投A...
2026-03-10 18:26:01,470 - src.core.calculator - INFO - 处理 [30/187] 600761 安徽合力...
2026-03-10 18:26:03,100 - src.core.calculator - INFO - 处理 [31/187] 600273 嘉化能源...
2026-03-10 18:26:04,004 - src.core.calculator - WARNING - 获取 600273 分红数据失败: No tables found
2026-03-10 18:26:04,311 - src.core.calculator - INFO - 处理 [32/187] 933 神火股份...
2026-03-10 18:26:05,558 - src.core.calculator - WARNING - 获取 000933 分红数据失败: No tables found
2026-03-10 18:36:45,294 - __main__ - INFO - Step 1: 获取股票列表...
2026-03-10 18:36:45,294 - src.data.fetcher - INFO - 使用本地持仓数据...
2026-03-10 18:36:45,300 - src.data.fetcher - INFO - 筛选结果: 主板股票 191 只, 分红>5次 187 只
2026-03-10 18:36:45,305 - __main__ - INFO - 获取到 187 只符合条件的股票
2026-03-10 18:36:45,305 - __main__ - INFO - Step 2: 计算股息率...
2026-03-10 18:36:45,306 - src.core.calculator - INFO - 处理 [1/5] 429 粤高速A...
2026-03-10 18:36:46,813 - src.core.calculator - INFO - 处理 [2/5] 600295 鄂尔多斯...
2026-03-10 18:36:48,034 - src.core.calculator - INFO - 处理 [3/5] 600028 中国石化...
2026-03-10 18:36:49,197 - src.core.calculator - INFO - 处理 [4/5] 596 古井贡酒...
2026-03-10 18:36:50,424 - src.core.calculator - INFO - 处理 [5/5] 513 丽珠集团...
2026-03-10 18:36:52,008 - __main__ - INFO - Step 3: 补充板块信息...
2026-03-10 18:36:52,033 - src.data.board_loader - INFO - 板块映射加载成功: 5564 条
2026-03-10 18:36:52,046 - src.data.board_loader - INFO - 申万行业映射加载成功: 5489 条
2026-03-10 18:36:52,064 - __main__ - INFO - Step 4: 导出结果...
2026-03-10 18:36:52,068 - __main__ - INFO - 结果已保存到 data/近3年股息率汇总.csv
2026-03-10 18:38:27,015 - __main__ - INFO - Step 1: 获取股票列表...
2026-03-10 18:38:27,016 - src.data.fetcher - INFO - 使用本地持仓数据...
2026-03-10 18:38:27,021 - src.data.fetcher - INFO - 筛选结果: 主板股票 191 只, 分红>5次 187 只
2026-03-10 18:38:27,026 - __main__ - INFO - 获取到 187 只符合条件的股票
2026-03-10 18:38:27,026 - __main__ - INFO - Step 2: 计算股息率...
2026-03-10 18:38:27,027 - src.core.calculator - INFO - 处理 [1/10] 429 粤高速A...
2026-03-10 18:38:28,384 - src.core.calculator - INFO - 处理 [2/10] 600295 鄂尔多斯...
2026-03-10 18:38:29,609 - src.core.calculator - INFO - 处理 [3/10] 600028 中国石化...
2026-03-10 18:38:30,774 - src.core.calculator - INFO - 处理 [4/10] 596 古井贡酒...
2026-03-10 18:38:31,983 - src.core.calculator - INFO - 处理 [5/10] 513 丽珠集团...
2026-03-10 18:38:33,571 - src.core.calculator - INFO - 处理 [6/10] 601318 中国平安...
2026-03-10 18:38:34,799 - src.core.calculator - INFO - 处理 [7/10] 601857 中国石油...
2026-03-10 18:38:36,124 - src.core.calculator - INFO - 处理 [8/10] 600188 兖矿能源...
2026-03-10 18:38:37,399 - src.core.calculator - INFO - 处理 [9/10] 600016 民生银行...
2026-03-10 18:38:38,609 - src.core.calculator - INFO - 处理 [10/10] 895 双汇发展...
2026-03-10 18:38:39,889 - __main__ - INFO - Step 3: 补充板块信息...
2026-03-10 18:38:39,909 - src.data.board_loader - INFO - 板块映射加载成功: 5564 条
2026-03-10 18:38:39,922 - src.data.board_loader - INFO - 申万行业映射加载成功: 5489 条
2026-03-10 18:38:39,956 - __main__ - INFO - Step 4: 导出结果...
2026-03-10 18:38:39,963 - __main__ - INFO - 结果已保存到 data/近3年股息率汇总.csv
2026-03-10 18:39:53,293 - __main__ - INFO - Step 1: 获取股票列表...
2026-03-10 18:39:53,294 - src.data.fetcher - INFO - 使用本地持仓数据...
2026-03-10 18:39:53,299 - src.data.fetcher - INFO - 筛选结果: 主板股票 191 只, 分红>5次 187 只
2026-03-10 18:39:53,303 - __main__ - INFO - 获取到 187 只符合条件的股票
2026-03-10 18:39:53,304 - __main__ - INFO - Step 2: 计算股息率...
2026-03-10 18:39:53,304 - src.core.calculator - INFO - 处理 [1/5] 429 粤高速A...
2026-03-10 18:39:55,213 - src.core.calculator - INFO - 处理 [2/5] 600295 鄂尔多斯...
2026-03-10 18:39:56,444 - src.core.calculator - INFO - 处理 [3/5] 600028 中国石化...
2026-03-10 18:39:57,559 - src.core.calculator - INFO - 处理 [4/5] 596 古井贡酒...
2026-03-10 18:39:59,059 - src.core.calculator - INFO - 处理 [5/5] 513 丽珠集团...
2026-03-10 18:40:00,257 - __main__ - INFO - Step 3: 补充板块信息...
2026-03-10 18:40:00,274 - src.data.board_loader - INFO - 板块映射加载成功: 5564 条
2026-03-10 18:40:00,285 - src.data.board_loader - INFO - 申万行业映射加载成功: 5489 条
2026-03-10 18:40:00,299 - __main__ - INFO - Step 4: 导出结果...
2026-03-10 18:40:00,303 - __main__ - INFO - 结果已保存到 data/近3年股息率汇总.csv
2026-03-10 18:40:17,061 - __main__ - INFO - Step 1: 获取股票列表...
2026-03-10 18:40:17,062 - src.data.fetcher - INFO - 使用本地持仓数据...
2026-03-10 18:40:17,066 - src.data.fetcher - INFO - 筛选结果: 主板股票 191 只, 分红>5次 187 只
2026-03-10 18:40:17,071 - __main__ - INFO - 获取到 187 只符合条件的股票
2026-03-10 18:40:17,071 - __main__ - INFO - Step 2: 计算股息率...
2026-03-10 18:40:17,071 - src.core.calculator - INFO - 处理 [1/5] 429 粤高速A...
2026-03-10 18:40:18,771 - src.core.calculator - INFO - 处理 [2/5] 600295 鄂尔多斯...
2026-03-10 18:40:20,140 - src.core.calculator - INFO - 处理 [3/5] 600028 中国石化...
2026-03-10 18:40:21,307 - src.core.calculator - INFO - 处理 [4/5] 596 古井贡酒...
2026-03-10 18:40:22,584 - src.core.calculator - INFO - 处理 [5/5] 513 丽珠集团...
2026-03-10 18:40:23,929 - __main__ - INFO - Step 3: 补充板块信息...
2026-03-10 18:40:23,947 - src.data.board_loader - INFO - 板块映射加载成功: 5564 条
2026-03-10 18:40:23,958 - src.data.board_loader - INFO - 申万行业映射加载成功: 5489 条
2026-03-10 18:40:23,971 - __main__ - INFO - Step 4: 导出结果...
2026-03-10 18:40:23,976 - __main__ - INFO - 结果已保存到 data/近3年股息率汇总.csv
2026-03-10 18:41:06,450 - __main__ - INFO - Step 1: 获取股票列表...
2026-03-10 18:41:06,450 - src.data.fetcher - INFO - 使用本地持仓数据...
2026-03-10 18:41:06,455 - src.data.fetcher - INFO - 筛选结果: 主板股票 191 只, 分红>5次 187 只
2026-03-10 18:41:06,459 - __main__ - INFO - 获取到 187 只符合条件的股票
2026-03-10 18:41:06,460 - __main__ - INFO - Step 2: 计算股息率...
2026-03-10 18:41:06,460 - src.core.calculator - INFO - 处理 [1/187] 429 粤高速A...
2026-03-10 18:41:07,927 - src.core.calculator - INFO - 处理 [2/187] 600295 鄂尔多斯...
2026-03-10 18:41:09,131 - src.core.calculator - INFO - 处理 [3/187] 600028 中国石化...
2026-03-10 18:41:10,335 - src.core.calculator - INFO - 处理 [4/187] 596 古井贡酒...
2026-03-10 18:41:11,483 - src.core.calculator - INFO - 处理 [5/187] 513 丽珠集团...
2026-03-10 18:41:12,781 - src.core.calculator - INFO - 处理 [6/187] 601318 中国平安...
2026-03-10 18:41:14,091 - src.core.calculator - INFO - 处理 [7/187] 601857 中国石油...
2026-03-10 18:41:15,382 - src.core.calculator - INFO - 处理 [8/187] 600188 兖矿能源...
2026-03-10 18:41:16,487 - src.core.calculator - INFO - 处理 [9/187] 600016 民生银行...
2026-03-10 18:41:17,675 - src.core.calculator - INFO - 处理 [10/187] 895 双汇发展...
2026-03-10 18:41:18,792 - src.core.calculator - INFO - 处理 [11/187] 651 格力电器...
2026-03-10 18:41:20,063 - src.core.calculator - INFO - 处理 [12/187] 600177 雅戈尔...
2026-03-10 18:41:21,230 - src.core.calculator - INFO - 处理 [13/187] 600600 青岛啤酒...
2026-03-10 18:41:22,453 - src.core.calculator - INFO - 处理 [14/187] 568 泸州老窖...
2026-03-10 18:41:24,063 - src.core.calculator - INFO - 处理 [15/187] 600690 海尔智家...
2026-03-10 18:41:25,320 - src.core.calculator - INFO - 处理 [16/187] 600750 江中药业...
2026-03-10 18:41:26,651 - src.core.calculator - INFO - 处理 [17/187] 600519 贵州茅台...
2026-03-10 18:41:27,872 - src.core.calculator - INFO - 处理 [18/187] 423 东阿阿胶...
2026-03-10 18:41:29,267 - src.core.calculator - INFO - 处理 [19/187] 543 皖能电力...
2026-03-10 18:41:30,516 - src.core.calculator - INFO - 处理 [20/187] 600153 建发股份...
2026-03-10 18:41:31,990 - src.core.calculator - INFO - 处理 [21/187] 786 北新建材...
2026-03-10 18:41:33,259 - src.core.calculator - INFO - 处理 [22/187] 600729 重庆百货...
2026-03-10 18:41:34,752 - src.core.calculator - INFO - 处理 [23/187] 600323 瀚蓝环境...
2026-03-10 18:41:36,478 - src.core.calculator - INFO - 处理 [24/187] 157 中联重科...
2026-03-10 18:41:37,928 - src.core.calculator - INFO - 处理 [25/187] 729 燕京啤酒...
2026-03-10 18:41:39,170 - src.core.calculator - INFO - 处理 [26/187] 600660 福耀玻璃...
2026-03-10 18:41:40,004 - src.core.calculator - WARNING - 获取 600660 分红数据失败: No tables found
2026-03-10 18:41:40,311 - src.core.calculator - INFO - 处理 [27/187] 2555 三七互娱...
2026-03-10 18:41:41,402 - src.core.calculator - INFO - 处理 [28/187] 600210 紫江企业...
2026-03-10 18:41:42,582 - src.core.calculator - INFO - 处理 [29/187] 563 陕国投A...
2026-03-10 18:41:43,414 - src.core.calculator - WARNING - 获取 000563 分红数据失败: No tables found
2026-03-10 18:41:43,721 - src.core.calculator - INFO - 处理 [30/187] 600761 安徽合力...
2026-03-10 18:41:44,464 - src.core.calculator - WARNING - 获取 600761 分红数据失败: No tables found
2026-03-10 18:41:44,771 - src.core.calculator - INFO - 处理 [31/187] 600273 嘉化能源...
2026-03-10 18:41:45,665 - src.core.calculator - WARNING - 获取 600273 分红数据失败: No tables found
2026-03-10 18:41:45,971 - src.core.calculator - INFO - 处理 [32/187] 933 神火股份...
2026-03-10 18:41:46,943 - src.core.calculator - WARNING - 获取 000933 分红数据失败: No tables found
2026-03-10 18:41:47,250 - src.core.calculator - INFO - 处理 [33/187] 983 山西焦煤...
2026-03-10 18:41:48,308 - src.core.calculator - WARNING - 获取 000983 分红数据失败: No tables found
2026-03-10 18:41:48,618 - src.core.calculator - INFO - 处理 [34/187] 600362 江西铜业...
2026-03-10 18:41:49,628 - src.core.calculator - WARNING - 获取 600362 分红数据失败: No tables found
2026-03-10 18:41:49,935 - src.core.calculator - INFO - 处理 [35/187] 600015 华夏银行...
2026-03-10 18:41:50,683 - src.core.calculator - WARNING - 获取 600015 分红数据失败: No tables found
2026-03-10 18:41:50,990 - src.core.calculator - INFO - 处理 [36/187] 600377 宁沪高速...
2026-03-10 18:41:51,733 - src.core.calculator - WARNING - 获取 600377 分红数据失败: No tables found
2026-03-10 18:41:52,040 - src.core.calculator - INFO - 处理 [37/187] 90 天健集团...
2026-03-10 18:41:52,859 - src.core.calculator - WARNING - 获取 000090 分红数据失败: No tables found
2026-03-10 18:41:53,166 - src.core.calculator - INFO - 处理 [38/187] 600012 皖通高速...
2026-03-10 18:41:53,937 - src.core.calculator - WARNING - 获取 600012 分红数据失败: No tables found
2026-03-10 18:41:54,243 - src.core.calculator - INFO - 处理 [39/187] 858 五粮液...
2026-03-10 18:41:55,545 - src.core.calculator - WARNING - 获取 000858 分红数据失败: No tables found
2026-03-10 18:41:55,852 - src.core.calculator - INFO - 处理 [40/187] 600585 海螺水泥...
2026-03-10 18:41:56,689 - src.core.calculator - WARNING - 获取 600585 分红数据失败: No tables found
2026-03-10 18:41:56,996 - src.core.calculator - INFO - 处理 [41/187] 2601 龙佰集团...
2026-03-10 18:41:57,966 - src.core.calculator - WARNING - 获取 002601 分红数据失败: No tables found
2026-03-10 18:41:58,272 - src.core.calculator - INFO - 处理 [42/187] 600549 厦门钨业...
2026-03-10 18:41:59,019 - src.core.calculator - WARNING - 获取 600549 分红数据失败: No tables found
2026-03-10 18:41:59,327 - src.core.calculator - INFO - 处理 [43/187] 600741 华域汽车...
2026-03-10 18:42:00,170 - src.core.calculator - WARNING - 获取 600741 分红数据失败: No tables found
2026-03-10 18:42:00,477 - src.core.calculator - INFO - 处理 [44/187] 600036 招商银行...
2026-03-10 18:42:01,398 - src.core.calculator - WARNING - 获取 600036 分红数据失败: No tables found
2026-03-10 18:42:01,705 - src.core.calculator - INFO - 处理 [45/187] 400 许继电气...
2026-03-10 18:42:02,799 - src.core.calculator - WARNING - 获取 000400 分红数据失败: No tables found
2026-03-10 18:42:03,110 - src.core.calculator - INFO - 处理 [46/187] 600436 片仔癀...
2026-03-10 18:42:04,117 - src.core.calculator - WARNING - 获取 600436 分红数据失败: No tables found
2026-03-10 18:42:04,424 - src.core.calculator - INFO - 处理 [47/187] 600755 厦门国贸...
2026-03-10 18:42:05,423 - src.core.calculator - WARNING - 获取 600755 分红数据失败: No tables found
2026-03-10 18:42:05,731 - src.core.calculator - INFO - 处理 [48/187] 600282 南钢股份...
2026-03-10 18:42:06,838 - src.core.calculator - WARNING - 获取 600282 分红数据失败: No tables found
2026-03-10 18:42:07,143 - src.core.calculator - INFO - 处理 [49/187] 600123 兰花科创...
2026-03-10 18:42:08,238 - src.core.calculator - WARNING - 获取 600123 分红数据失败: No tables found
2026-03-10 18:42:08,543 - src.core.calculator - INFO - 处理 [50/187] 600285 羚锐制药...
2026-03-10 18:42:09,373 - src.core.calculator - WARNING - 获取 600285 分红数据失败: No tables found
2026-03-10 18:42:09,679 - src.core.calculator - INFO - 处理 [51/187] 600406 国电南瑞...
2026-03-10 18:42:10,642 - src.core.calculator - WARNING - 获取 600406 分红数据失败: No tables found
2026-03-10 18:42:10,950 - src.core.calculator - INFO - 处理 [52/187] 600350 山东高速...
2026-03-10 18:42:11,973 - src.core.calculator - WARNING - 获取 600350 分红数据失败: No tables found
2026-03-10 18:42:12,281 - src.core.calculator - INFO - 处理 [53/187] 988 华工科技...
2026-03-10 18:42:13,378 - src.core.calculator - WARNING - 获取 000988 分红数据失败: No tables found
2026-03-10 18:42:13,695 - src.core.calculator - INFO - 处理 [54/187] 600300 维维股份...
2026-03-10 18:42:15,069 - src.core.calculator - WARNING - 获取 600300 分红数据失败: No tables found
2026-03-10 18:42:15,377 - src.core.calculator - INFO - 处理 [55/187] 600064 南京高科...
2026-03-10 18:42:16,650 - src.core.calculator - WARNING - 获取 600064 分红数据失败: No tables found
2026-03-10 18:42:16,958 - src.core.calculator - INFO - 处理 [56/187] 600398 海澜之家...
2026-03-10 18:42:17,812 - src.core.calculator - WARNING - 获取 600398 分红数据失败: No tables found
2026-03-10 18:42:18,118 - src.core.calculator - INFO - 处理 [57/187] 600993 马应龙...
2026-03-10 18:42:19,022 - src.core.calculator - WARNING - 获取 600993 分红数据失败: No tables found
2026-03-10 18:42:19,331 - src.core.calculator - INFO - 处理 [58/187] 601328 交通银行...
2026-03-10 18:42:20,374 - src.core.calculator - WARNING - 获取 601328 分红数据失败: No tables found
2026-03-10 18:42:20,684 - src.core.calculator - INFO - 处理 [59/187] 600284 浦东建设...
2026-03-10 18:42:21,825 - src.core.calculator - WARNING - 获取 600284 分红数据失败: No tables found
2026-03-10 18:42:22,131 - src.core.calculator - INFO - 处理 [60/187] 999 华润三九...
2026-03-10 18:42:23,028 - src.core.calculator - WARNING - 获取 000999 分红数据失败: No tables found
2026-03-10 18:42:23,337 - src.core.calculator - INFO - 处理 [61/187] 600985 淮北矿业...
2026-03-10 18:42:24,211 - src.core.calculator - WARNING - 获取 600985 分红数据失败: No tables found
2026-03-10 18:42:24,517 - src.core.calculator - INFO - 处理 [62/187] 2028 思源电气...
2026-03-10 18:42:25,492 - src.core.calculator - WARNING - 获取 002028 分红数据失败: No tables found
2026-03-10 18:42:25,801 - src.core.calculator - INFO - 处理 [63/187] 600351 亚宝药业...
2026-03-10 18:42:26,828 - src.core.calculator - WARNING - 获取 600351 分红数据失败: No tables found
2026-03-10 18:42:27,135 - src.core.calculator - INFO - 处理 [64/187] 807 云铝股份...
2026-03-10 18:42:28,332 - src.core.calculator - WARNING - 获取 000807 分红数据失败: No tables found
2026-03-10 18:42:28,641 - src.core.calculator - INFO - 处理 [65/187] 601899 紫金矿业...
2026-03-10 18:42:29,646 - src.core.calculator - WARNING - 获取 601899 分红数据失败: No tables found
2026-03-10 18:42:29,961 - src.core.calculator - INFO - 处理 [66/187] 975 山金国际...
2026-03-10 18:42:30,992 - src.core.calculator - WARNING - 获取 000975 分红数据失败: No tables found
2026-03-10 18:42:31,299 - src.core.calculator - INFO - 处理 [67/187] 601939 建设银行...
2026-03-10 18:42:32,054 - src.core.calculator - WARNING - 获取 601939 分红数据失败: No tables found
2026-03-10 18:42:32,365 - src.core.calculator - INFO - 处理 [68/187] 601988 中国银行...
2026-03-10 18:42:33,360 - src.core.calculator - WARNING - 获取 601988 分红数据失败: No tables found
2026-03-10 18:42:33,666 - src.core.calculator - INFO - 处理 [69/187] 600582 天地科技...
2026-03-10 18:42:34,855 - src.core.calculator - WARNING - 获取 600582 分红数据失败: No tables found
2026-03-10 18:42:35,161 - src.core.calculator - INFO - 处理 [70/187] 2043 兔宝宝...
2026-03-10 18:42:36,052 - src.core.calculator - WARNING - 获取 002043 分红数据失败: No tables found
2026-03-10 18:42:36,363 - src.core.calculator - INFO - 处理 [71/187] 600997 开滦股份...
2026-03-10 18:42:37,282 - src.core.calculator - WARNING - 获取 600997 分红数据失败: No tables found
2026-03-10 18:42:37,591 - src.core.calculator - INFO - 处理 [72/187] 600461 洪城环境...
2026-03-10 18:42:38,702 - src.core.calculator - WARNING - 获取 600461 分红数据失败: No tables found
2026-03-10 18:42:39,017 - src.core.calculator - INFO - 处理 [73/187] 600373 中文传媒...
2026-03-10 18:42:39,982 - src.core.calculator - WARNING - 获取 600373 分红数据失败: No tables found
2026-03-10 18:42:40,289 - src.core.calculator - INFO - 处理 [74/187] 601006 大秦铁路...
2026-03-10 18:42:41,267 - src.core.calculator - WARNING - 获取 601006 分红数据失败: No tables found
2026-03-10 18:42:41,573 - src.core.calculator - INFO - 处理 [75/187] 2117 东港股份...
2026-03-10 18:42:42,459 - src.core.calculator - WARNING - 获取 002117 分红数据失败: No tables found
2026-03-10 18:42:42,765 - src.core.calculator - INFO - 处理 [76/187] 600502 安徽建工...
2026-03-10 18:42:43,763 - src.core.calculator - WARNING - 获取 600502 分红数据失败: No tables found
2026-03-10 18:42:44,080 - src.core.calculator - INFO - 处理 [77/187] 2233 塔牌集团...
2026-03-10 18:42:44,997 - src.core.calculator - WARNING - 获取 002233 分红数据失败: No tables found
2026-03-10 18:42:45,302 - src.core.calculator - INFO - 处理 [78/187] 2154 报喜鸟...
2026-03-10 18:42:46,329 - src.core.calculator - WARNING - 获取 002154 分红数据失败: No tables found
2026-03-10 18:42:46,635 - src.core.calculator - INFO - 处理 [79/187] 601398 工商银行...
2026-03-10 18:42:47,478 - src.core.calculator - WARNING - 获取 601398 分红数据失败: No tables found
2026-03-10 18:42:47,784 - src.core.calculator - INFO - 处理 [80/187] 601601 中国太保...
2026-03-10 18:42:48,789 - src.core.calculator - WARNING - 获取 601601 分红数据失败: No tables found
2026-03-10 18:42:49,100 - src.core.calculator - INFO - 处理 [81/187] 2540 亚太科技...
2026-03-10 18:42:50,100 - src.core.calculator - WARNING - 获取 002540 分红数据失败: No tables found
2026-03-10 18:42:50,406 - src.core.calculator - INFO - 处理 [82/187] 600096 云天化...
2026-03-10 18:42:51,370 - src.core.calculator - WARNING - 获取 600096 分红数据失败: No tables found
2026-03-10 18:42:51,682 - src.core.calculator - INFO - 处理 [83/187] 601169 北京银行...
2026-03-10 18:42:52,913 - src.core.calculator - WARNING - 获取 601169 分红数据失败: No tables found
2026-03-10 18:42:53,226 - src.core.calculator - INFO - 处理 [84/187] 600737 中粮糖业...
2026-03-10 18:42:54,175 - src.core.calculator - WARNING - 获取 600737 分红数据失败: No tables found
2026-03-10 18:42:54,482 - src.core.calculator - INFO - 处理 [85/187] 2078 太阳纸业...
2026-03-10 18:42:55,299 - src.core.calculator - WARNING - 获取 002078 分红数据失败: No tables found
2026-03-10 18:42:55,611 - src.core.calculator - INFO - 处理 [86/187] 600348 华阳股份...
2026-03-10 18:42:56,489 - src.core.calculator - WARNING - 获取 600348 分红数据失败: No tables found
2026-03-10 18:42:56,796 - src.core.calculator - INFO - 处理 [87/187] 601088 中国神华...
2026-03-10 18:42:57,827 - src.core.calculator - WARNING - 获取 601088 分红数据失败: No tables found
2026-03-10 18:42:58,152 - src.core.calculator - INFO - 处理 [88/187] 2267 陕天然气...
2026-03-10 18:42:59,119 - src.core.calculator - WARNING - 获取 002267 分红数据失败: No tables found
2026-03-10 18:42:59,428 - src.core.calculator - INFO - 处理 [89/187] 600873 梅花生物...
2026-03-10 18:43:00,481 - src.core.calculator - WARNING - 获取 600873 分红数据失败: No tables found
2026-03-10 18:43:00,791 - src.core.calculator - INFO - 处理 [90/187] 601009 南京银行...
2026-03-10 18:43:01,791 - src.core.calculator - WARNING - 获取 601009 分红数据失败: No tables found
2026-03-10 18:43:02,104 - src.core.calculator - INFO - 处理 [91/187] 2096 易普力...
2026-03-10 18:43:03,221 - src.core.calculator - WARNING - 获取 002096 分红数据失败: No tables found
2026-03-10 18:43:03,528 - src.core.calculator - INFO - 处理 [92/187] 601166 兴业银行...
2026-03-10 18:43:04,881 - src.core.calculator - WARNING - 获取 601166 分红数据失败: No tables found
2026-03-10 18:43:05,192 - src.core.calculator - INFO - 处理 [93/187] 2046 国机精工...
2026-03-10 18:43:06,303 - src.core.calculator - WARNING - 获取 002046 分红数据失败: No tables found
2026-03-10 18:43:06,615 - src.core.calculator - INFO - 处理 [94/187] 2353 杰瑞股份...
2026-03-10 18:43:07,789 - src.core.calculator - WARNING - 获取 002353 分红数据失败: No tables found
2026-03-10 18:43:08,096 - src.core.calculator - INFO - 处理 [95/187] 601928 凤凰传媒...
2026-03-10 18:43:09,033 - src.core.calculator - WARNING - 获取 601928 分红数据失败: No tables found
2026-03-10 18:43:09,345 - src.core.calculator - INFO - 处理 [96/187] 2056 横店东磁...
2026-03-10 18:43:11,025 - src.core.calculator - WARNING - 获取 002056 分红数据失败: No tables found
2026-03-10 18:43:11,342 - src.core.calculator - INFO - 处理 [97/187] 2179 中航光电...
2026-03-10 18:43:12,820 - src.core.calculator - WARNING - 获取 002179 分红数据失败: No tables found
2026-03-10 18:43:13,130 - src.core.calculator - INFO - 处理 [98/187] 601998 中信银行...
2026-03-10 18:43:14,453 - src.core.calculator - WARNING - 获取 601998 分红数据失败: No tables found
2026-03-10 18:43:14,760 - src.core.calculator - INFO - 处理 [99/187] 600562 国睿科技...
2026-03-10 18:43:15,757 - src.core.calculator - WARNING - 获取 600562 分红数据失败: No tables found
2026-03-10 18:43:16,064 - src.core.calculator - INFO - 处理 [100/187] 2158 汉钟精机...
2026-03-10 18:43:16,864 - src.core.calculator - WARNING - 获取 002158 分红数据失败: No tables found
2026-03-10 18:43:17,170 - src.core.calculator - INFO - 处理 [101/187] 601168 西部矿业...
2026-03-10 18:43:17,994 - src.core.calculator - WARNING - 获取 601168 分红数据失败: No tables found
2026-03-10 18:43:18,305 - src.core.calculator - INFO - 处理 [102/187] 601008 连云港...
2026-03-10 18:43:19,307 - src.core.calculator - WARNING - 获取 601008 分红数据失败: No tables found
2026-03-10 18:43:19,614 - src.core.calculator - INFO - 处理 [103/187] 2409 雅克科技...
2026-03-10 18:43:20,503 - src.core.calculator - WARNING - 获取 002409 分红数据失败: No tables found
2026-03-10 18:43:20,810 - src.core.calculator - INFO - 处理 [104/187] 601699 潞安环能...
2026-03-10 18:43:21,664 - src.core.calculator - WARNING - 获取 601699 分红数据失败: No tables found
2026-03-10 18:43:21,970 - src.core.calculator - INFO - 处理 [105/187] 2415 海康威视...
2026-03-10 18:43:22,807 - src.core.calculator - WARNING - 获取 002415 分红数据失败: No tables found
2026-03-10 18:43:23,113 - src.core.calculator - INFO - 处理 [106/187] 600971 恒源煤电...
2026-03-10 18:43:23,857 - src.core.calculator - WARNING - 获取 600971 分红数据失败: No tables found
2026-03-10 18:43:24,163 - src.core.calculator - INFO - 处理 [107/187] 2262 恩华药业...
2026-03-10 18:43:25,309 - src.core.calculator - WARNING - 获取 002262 分红数据失败: No tables found
2026-03-10 18:43:25,615 - src.core.calculator - INFO - 处理 [108/187] 2017 东信和平...
2026-03-10 18:43:26,485 - src.core.calculator - WARNING - 获取 002017 分红数据失败: No tables found
2026-03-10 18:43:26,792 - src.core.calculator - INFO - 处理 [109/187] 601000 唐山港...
2026-03-10 18:43:27,612 - src.core.calculator - WARNING - 获取 601000 分红数据失败: No tables found
2026-03-10 18:43:27,918 - src.core.calculator - INFO - 处理 [110/187] 2532 天山铝业...
2026-03-10 18:43:28,806 - src.core.calculator - WARNING - 获取 002532 分红数据失败: No tables found
2026-03-10 18:43:29,112 - src.core.calculator - INFO - 处理 [111/187] 601668 中国建筑...
2026-03-10 18:43:29,929 - src.core.calculator - WARNING - 获取 601668 分红数据失败: No tables found
2026-03-10 18:43:30,235 - src.core.calculator - INFO - 处理 [112/187] 601288 农业银行...
2026-03-10 18:43:31,147 - src.core.calculator - WARNING - 获取 601288 分红数据失败: No tables found
2026-03-10 18:43:31,454 - src.core.calculator - INFO - 处理 [113/187] 601958 金钼股份...
2026-03-10 18:49:48,840 - __main__ - INFO - Step 1: 获取股票列表...
2026-03-10 18:49:48,840 - src.data.fetcher - INFO - 使用本地持仓数据...
2026-03-10 18:49:48,846 - src.data.fetcher - INFO - 筛选结果: 主板股票 191 只, 分红>5次 187 只
2026-03-10 18:49:48,850 - __main__ - INFO - 获取到 187 只符合条件的股票
2026-03-10 18:49:48,851 - __main__ - INFO - Step 2: 计算股息率...
2026-03-10 18:49:48,851 - src.core.calculator - INFO - 处理 [1/15] 429 粤高速A...
2026-03-10 18:49:50,460 - src.core.calculator - INFO - 处理 [2/15] 600295 鄂尔多斯...
2026-03-10 18:49:51,649 - src.core.calculator - INFO - 处理 [3/15] 600028 中国石化...
2026-03-10 18:49:52,872 - src.core.calculator - INFO - 处理 [4/15] 596 古井贡酒...
2026-03-10 18:49:54,165 - src.core.calculator - INFO - 处理 [5/15] 513 丽珠集团...
2026-03-10 18:49:55,360 - src.core.calculator - INFO - 处理 [6/15] 601318 中国平安...
2026-03-10 18:49:56,428 - src.core.calculator - INFO - 处理 [7/15] 601857 中国石油...
2026-03-10 18:49:57,728 - src.core.calculator - INFO - 处理 [8/15] 600188 兖矿能源...
2026-03-10 18:49:58,941 - src.core.calculator - INFO - 处理 [9/15] 600016 民生银行...
2026-03-10 18:50:00,202 - src.core.calculator - INFO - 处理 [10/15] 895 双汇发展...
2026-03-10 18:50:01,553 - src.core.calculator - INFO - 处理 [11/15] 651 格力电器...
2026-03-10 18:50:02,953 - src.core.calculator - INFO - 处理 [12/15] 600177 雅戈尔...
2026-03-10 18:50:04,220 - src.core.calculator - INFO - 处理 [13/15] 600600 青岛啤酒...
2026-03-10 18:50:05,432 - src.core.calculator - INFO - 处理 [14/15] 568 泸州老窖...
2026-03-10 18:50:06,793 - src.core.calculator - INFO - 处理 [15/15] 600690 海尔智家...
2026-03-10 18:50:08,295 - __main__ - INFO - Step 3: 补充板块信息...
2026-03-10 18:50:08,299 - src.data.board_loader - INFO - 板块映射加载成功: 219 条
2026-03-10 18:50:08,312 - src.data.board_loader - INFO - 申万行业映射加载成功: 5489 条
2026-03-10 18:50:08,339 - __main__ - INFO - Step 4: 导出结果...
2026-03-10 18:50:08,344 - __main__ - INFO - 结果已保存到 data/近3年股息率汇总.csv
2026-03-10 18:54:51,205 - __main__ - INFO - Step 1: 获取股票列表...
2026-03-10 18:54:51,206 - src.data.fetcher - INFO - 使用本地持仓数据...
2026-03-10 18:54:51,214 - src.data.fetcher - INFO - 筛选结果: 主板股票 191 只, 分红>5次 187 只
2026-03-10 18:54:51,221 - __main__ - INFO - 获取到 187 只符合条件的股票
2026-03-10 18:54:51,222 - __main__ - INFO - Step 2: 计算股息率...
2026-03-10 18:54:51,222 - src.core.calculator - INFO - 处理 [1/187] 429 粤高速A...
2026-03-10 18:54:54,361 - src.core.calculator - INFO - 处理 [2/187] 600295 鄂尔多斯...
2026-03-10 18:54:56,831 - src.core.calculator - INFO - 处理 [3/187] 600028 中国石化...
2026-03-10 18:54:59,296 - src.core.calculator - INFO - 处理 [4/187] 596 古井贡酒...
2026-03-10 18:55:02,052 - src.core.calculator - INFO - 处理 [5/187] 513 丽珠集团...
2026-03-10 18:55:04,521 - src.core.calculator - INFO - 处理 [6/187] 601318 中国平安...
2026-03-10 18:55:07,033 - src.core.calculator - INFO - 处理 [7/187] 601857 中国石油...
2026-03-10 18:55:09,446 - src.core.calculator - INFO - 处理 [8/187] 600188 兖矿能源...
2026-03-10 18:55:12,081 - src.core.calculator - INFO - 处理 [9/187] 600016 民生银行...
2026-03-10 18:55:14,426 - src.core.calculator - INFO - 处理 [10/187] 895 双汇发展...
2026-03-10 18:55:16,792 - src.core.calculator - INFO - 处理 [11/187] 651 格力电器...
2026-03-10 18:55:19,623 - src.core.calculator - INFO - 处理 [12/187] 600177 雅戈尔...
2026-03-10 18:55:22,151 - src.core.calculator - INFO - 处理 [13/187] 600600 青岛啤酒...
2026-03-10 18:55:24,680 - src.core.calculator - INFO - 处理 [14/187] 568 泸州老窖...
2026-03-10 18:55:27,233 - src.core.calculator - INFO - 处理 [15/187] 600690 海尔智家...
2026-03-10 18:55:30,243 - src.core.calculator - INFO - 处理 [16/187] 600750 江中药业...
2026-03-10 18:55:33,072 - src.core.calculator - INFO - 处理 [17/187] 600519 贵州茅台...
2026-03-10 18:55:35,732 - src.core.calculator - INFO - 处理 [18/187] 423 东阿阿胶...
2026-03-10 18:55:38,145 - src.core.calculator - INFO - 处理 [19/187] 543 皖能电力...
2026-03-10 18:55:40,671 - src.core.calculator - INFO - 处理 [20/187] 600153 建发股份...
2026-03-10 18:55:43,129 - src.core.calculator - INFO - 处理 [21/187] 786 北新建材...
2026-03-10 18:55:45,631 - src.core.calculator - INFO - 处理 [22/187] 600729 重庆百货...
2026-03-10 18:55:48,418 - src.core.calculator - INFO - 处理 [23/187] 600323 瀚蓝环境...
2026-03-10 18:55:51,087 - src.core.calculator - INFO - 处理 [24/187] 157 中联重科...
2026-03-10 18:55:53,690 - src.core.calculator - INFO - 处理 [25/187] 729 燕京啤酒...
2026-03-10 18:55:56,531 - src.core.calculator - INFO - 处理 [26/187] 600660 福耀玻璃...
2026-03-10 18:55:57,400 - src.core.calculator - WARNING - 获取 600660 分红数据失败: No tables found
2026-03-10 18:55:58,911 - src.core.calculator - INFO - 处理 [27/187] 2555 三七互娱...
2026-03-10 18:55:59,782 - src.core.calculator - WARNING - 获取 002555 分红数据失败: No tables found
2026-03-10 18:56:01,288 - src.core.calculator - INFO - 处理 [28/187] 600210 紫江企业...
2026-03-10 18:56:02,366 - src.core.calculator - WARNING - 获取 600210 分红数据失败: No tables found
2026-03-10 18:56:03,873 - src.core.calculator - INFO - 处理 [29/187] 563 陕国投A...
2026-03-10 18:56:04,986 - src.core.calculator - WARNING - 获取 000563 分红数据失败: No tables found
2026-03-10 18:56:06,492 - src.core.calculator - INFO - 处理 [30/187] 600761 安徽合力...
2026-03-10 18:56:08,094 - src.core.calculator - WARNING - 获取 600761 分红数据失败: No tables found
2026-03-10 18:56:09,605 - src.core.calculator - INFO - 处理 [31/187] 600273 嘉化能源...
2026-03-10 18:56:10,481 - src.core.calculator - WARNING - 获取 600273 分红数据失败: No tables found
2026-03-10 18:56:11,987 - src.core.calculator - INFO - 处理 [32/187] 933 神火股份...
2026-03-10 18:56:13,416 - src.core.calculator - WARNING - 获取 000933 分红数据失败: No tables found
2026-03-10 18:56:14,923 - src.core.calculator - INFO - 处理 [33/187] 983 山西焦煤...
2026-03-10 18:56:16,078 - src.core.calculator - WARNING - 获取 000983 分红数据失败: No tables found
2026-03-10 18:56:17,584 - src.core.calculator - INFO - 处理 [34/187] 600362 江西铜业...
2026-03-10 18:56:18,662 - src.core.calculator - WARNING - 获取 600362 分红数据失败: No tables found
2026-03-10 18:56:20,170 - src.core.calculator - INFO - 处理 [35/187] 600015 华夏银行...
2026-03-10 18:56:21,301 - src.core.calculator - WARNING - 获取 600015 分红数据失败: No tables found
2026-03-10 18:56:22,810 - src.core.calculator - INFO - 处理 [36/187] 600377 宁沪高速...
2026-03-10 18:56:23,860 - src.core.calculator - WARNING - 获取 600377 分红数据失败: No tables found
2026-03-10 18:56:25,368 - src.core.calculator - INFO - 处理 [37/187] 90 天健集团...
2026-03-10 18:56:26,522 - src.core.calculator - WARNING - 获取 000090 分红数据失败: No tables found
2026-03-10 18:56:28,028 - src.core.calculator - INFO - 处理 [38/187] 600012 皖通高速...
2026-03-10 18:56:28,855 - src.core.calculator - WARNING - 获取 600012 分红数据失败: No tables found
2026-03-10 18:56:30,361 - src.core.calculator - INFO - 处理 [39/187] 858 五粮液...
2026-03-10 18:56:31,856 - src.core.calculator - WARNING - 获取 000858 分红数据失败: No tables found
2026-03-10 18:56:33,364 - src.core.calculator - INFO - 处理 [40/187] 600585 海螺水泥...
2026-03-10 18:56:34,168 - src.core.calculator - WARNING - 获取 600585 分红数据失败: No tables found
2026-03-10 18:56:35,674 - src.core.calculator - INFO - 处理 [41/187] 2601 龙佰集团...
2026-03-10 18:56:36,483 - src.core.calculator - WARNING - 获取 002601 分红数据失败: No tables found
2026-03-10 18:56:37,989 - src.core.calculator - INFO - 处理 [42/187] 600549 厦门钨业...
2026-03-10 18:56:39,015 - src.core.calculator - WARNING - 获取 600549 分红数据失败: No tables found
2026-03-10 18:56:40,521 - src.core.calculator - INFO - 处理 [43/187] 600741 华域汽车...
2026-03-10 18:56:41,677 - src.core.calculator - WARNING - 获取 600741 分红数据失败: No tables found
2026-03-10 18:56:43,183 - src.core.calculator - INFO - 处理 [44/187] 600036 招商银行...
2026-03-10 18:56:44,018 - src.core.calculator - WARNING - 获取 600036 分红数据失败: No tables found
2026-03-10 18:56:45,525 - src.core.calculator - INFO - 处理 [45/187] 400 许继电气...
2026-03-10 18:56:46,435 - src.core.calculator - WARNING - 获取 000400 分红数据失败: No tables found
2026-03-10 18:57:19,055 - __main__ - INFO - Step 1: 获取股票列表...
2026-03-10 18:57:19,056 - src.data.fetcher - INFO - 使用本地持仓数据...
2026-03-10 18:57:19,060 - src.data.fetcher - INFO - 筛选结果: 主板股票 191 只, 分红>5次 187 只
2026-03-10 18:57:19,065 - __main__ - INFO - 获取到 187 只符合条件的股票
2026-03-10 18:57:19,065 - __main__ - INFO - Step 2: 计算股息率...
2026-03-10 18:57:19,066 - src.core.calculator - INFO - 处理 [1/187] 429 粤高速A...
2026-03-10 18:57:20,183 - src.core.calculator - WARNING - 获取 000429 分红数据失败: No tables found
2026-03-10 18:57:21,690 - src.core.calculator - INFO - 处理 [2/187] 600295 鄂尔多斯...
2026-03-10 19:04:30,220 - __main__ - INFO - Step 1: 获取股票列表...
2026-03-10 19:04:30,220 - src.data.fetcher - INFO - 使用本地持仓数据...
2026-03-10 19:04:30,225 - src.data.fetcher - INFO - 筛选结果: 主板股票 191 只, 分红>5次 187 只
2026-03-10 19:04:30,228 - __main__ - INFO - 获取到 187 只符合条件的股票
2026-03-10 19:04:30,230 - __main__ - INFO - 已存在 15 只股票数据，将跳过
2026-03-10 19:04:30,230 - __main__ - INFO - 待处理 172 只股票
2026-03-10 19:04:30,231 - __main__ - INFO - Step 3: 预加载板块信息...
2026-03-10 19:04:30,233 - src.data.board_loader - INFO - 板块映射加载成功: 219 条
2026-03-10 19:04:30,245 - src.data.board_loader - INFO - 申万行业映射加载成功: 5489 条
2026-03-10 19:04:30,269 - __main__ - INFO - Step 4: 计算股息率（增量写入）...
2026-03-10 19:04:30,269 - src.core.calculator - INFO - 处理 [1/15] 600750 江中药业...
2026-03-10 19:04:31,948 - __main__ - INFO - 已保存 600750 江中药业
2026-03-10 19:04:33,449 - src.core.calculator - INFO - 处理 [2/15] 600519 贵州茅台...
2026-03-10 19:04:34,713 - __main__ - INFO - 已保存 600519 贵州茅台
2026-03-10 19:04:36,214 - src.core.calculator - INFO - 处理 [3/15] 423 东阿阿胶...
2026-03-10 19:04:37,690 - __main__ - INFO - 已保存 423 东阿阿胶
2026-03-10 19:04:39,191 - src.core.calculator - INFO - 处理 [4/15] 543 皖能电力...
2026-03-10 19:04:40,262 - __main__ - INFO - 已保存 543 皖能电力
2026-03-10 19:04:41,762 - src.core.calculator - INFO - 处理 [5/15] 600153 建发股份...
2026-03-10 19:04:42,821 - __main__ - INFO - 已保存 600153 建发股份
2026-03-10 19:04:44,321 - src.core.calculator - INFO - 处理 [6/15] 786 北新建材...
2026-03-10 19:04:45,960 - __main__ - INFO - 已保存 786 北新建材
2026-03-10 19:04:47,461 - src.core.calculator - INFO - 处理 [7/15] 600729 重庆百货...
2026-03-10 19:04:48,483 - __main__ - INFO - 已保存 600729 重庆百货
2026-03-10 19:04:49,984 - src.core.calculator - INFO - 处理 [8/15] 600323 瀚蓝环境...
2026-03-10 19:04:50,938 - __main__ - INFO - 已保存 600323 瀚蓝环境
2026-03-10 19:04:52,439 - src.core.calculator - INFO - 处理 [9/15] 157 中联重科...
2026-03-10 19:04:54,253 - __main__ - INFO - 已保存 157 中联重科
2026-03-10 19:04:55,754 - src.core.calculator - INFO - 处理 [10/15] 729 燕京啤酒...
2026-03-10 19:04:57,164 - __main__ - INFO - 已保存 729 燕京啤酒
2026-03-10 19:04:58,664 - src.core.calculator - INFO - 处理 [11/15] 600660 福耀玻璃...
2026-03-10 19:05:00,148 - __main__ - INFO - 已保存 600660 福耀玻璃
2026-03-10 19:05:01,649 - src.core.calculator - INFO - 处理 [12/15] 2555 三七互娱...
2026-03-10 19:05:02,889 - __main__ - INFO - 已保存 2555 三七互娱
2026-03-10 19:05:04,390 - src.core.calculator - INFO - 处理 [13/15] 600210 紫江企业...
2026-03-10 19:05:06,131 - __main__ - INFO - 已保存 600210 紫江企业
2026-03-10 19:05:07,632 - src.core.calculator - INFO - 处理 [14/15] 563 陕国投A...
2026-03-10 19:05:08,813 - __main__ - INFO - 已保存 563 陕国投A
2026-03-10 19:05:10,314 - src.core.calculator - INFO - 处理 [15/15] 600761 安徽合力...
2026-03-10 19:05:11,996 - __main__ - INFO - 已保存 600761 安徽合力
2026-03-10 19:05:13,497 - __main__ - INFO - 处理完成，新增 15 只股票数据
2026-03-10 19:06:34,994 - __main__ - INFO - Step 1: 获取股票列表...
2026-03-10 19:06:34,994 - src.data.fetcher - INFO - 从API获取持仓数据...
2026-03-10 19:06:34,994 - src.data.fetcher - INFO - 获取指数 000922 的持仓数据...
2026-03-10 19:06:46,803 - src.data.fetcher - INFO -   中证红利: 100 只成分股
2026-03-10 19:06:47,304 - src.data.fetcher - INFO - 获取指数 932315 的持仓数据...
2026-03-10 19:06:47,811 - src.data.fetcher - INFO -   中证红利质量: 50 只成分股
2026-03-10 19:06:48,312 - src.data.fetcher - INFO - 获取指数 932309 的持仓数据...
2026-03-10 19:06:48,890 - src.data.fetcher - INFO -   红利增长: 50 只成分股
2026-03-10 19:06:49,391 - src.data.fetcher - INFO - 获取指数 931468 的持仓数据...
2026-03-10 19:52:40,013 - __main__ - INFO - Step 1: 获取股票列表...
2026-03-10 19:52:40,014 - src.data.fetcher - INFO - 使用本地持仓数据...
2026-03-10 19:52:40,024 - src.data.fetcher - INFO - 筛选结果: 主板股票 191 只, 分红>5次 187 只
2026-03-10 19:52:40,035 - __main__ - INFO - 获取到 187 只符合条件的股票
2026-03-10 19:52:40,036 - __main__ - INFO - Step 2: 跳过板块映射更新（使用本地数据）
2026-03-10 19:52:40,042 - __main__ - INFO - 已存在 30 只股票数据，将跳过
2026-03-10 19:52:40,043 - __main__ - INFO - 待处理 157 只股票
2026-03-10 19:52:40,043 - __main__ - INFO - Step 4: 预加载板块信息...
2026-03-10 19:52:40,049 - src.data.board_loader - INFO - 板块映射加载成功: 219 条
2026-03-10 19:52:40,070 - src.data.board_loader - INFO - 申万行业映射加载成功: 5489 条
2026-03-10 19:52:40,122 - __main__ - INFO - Step 5: 计算股息率（增量写入）...
2026-03-10 19:52:40,123 - src.core.calculator - INFO - 处理 [1/25] 600273 嘉化能源...
2026-03-10 19:52:41,796 - __main__ - INFO - 已保存 600273 嘉化能源
2026-03-10 19:52:43,297 - src.core.calculator - INFO - 处理 [2/25] 933 神火股份...
2026-03-10 19:52:44,820 - __main__ - INFO - 已保存 933 神火股份
2026-03-10 19:52:46,322 - src.core.calculator - INFO - 处理 [3/25] 983 山西焦煤...
2026-03-10 19:52:47,995 - __main__ - INFO - 已保存 983 山西焦煤
2026-03-10 19:52:49,496 - src.core.calculator - INFO - 处理 [4/25] 600362 江西铜业...
2026-03-10 19:52:51,188 - __main__ - INFO - 已保存 600362 江西铜业
2026-03-10 19:52:52,688 - src.core.calculator - INFO - 处理 [5/25] 600015 华夏银行...
2026-03-10 19:52:54,435 - __main__ - INFO - 已保存 600015 华夏银行
2026-03-10 19:52:55,936 - src.core.calculator - INFO - 处理 [6/25] 600377 宁沪高速...
2026-03-10 19:52:57,505 - __main__ - INFO - 已保存 600377 宁沪高速
2026-03-10 19:52:59,006 - src.core.calculator - INFO - 处理 [7/25] 90 天健集团...
2026-03-10 19:53:00,565 - __main__ - INFO - 已保存 90 天健集团
2026-03-10 19:53:02,066 - src.core.calculator - INFO - 处理 [8/25] 600012 皖通高速...
2026-03-10 19:53:03,990 - __main__ - INFO - 已保存 600012 皖通高速
2026-03-10 19:53:05,491 - src.core.calculator - INFO - 处理 [9/25] 858 五粮液...
2026-03-10 19:53:07,244 - __main__ - INFO - 已保存 858 五粮液
2026-03-10 19:53:08,745 - src.core.calculator - INFO - 处理 [10/25] 600585 海螺水泥...
2026-03-10 19:53:10,508 - __main__ - INFO - 已保存 600585 海螺水泥
2026-03-10 19:53:12,009 - src.core.calculator - INFO - 处理 [11/25] 2601 龙佰集团...
2026-03-10 19:53:13,572 - __main__ - INFO - 已保存 2601 龙佰集团
2026-03-10 19:53:15,091 - src.core.calculator - INFO - 处理 [12/25] 600549 厦门钨业...
2026-03-10 19:53:16,802 - __main__ - INFO - 已保存 600549 厦门钨业
2026-03-10 19:53:18,313 - src.core.calculator - INFO - 处理 [13/25] 600741 华域汽车...
2026-03-10 19:53:19,993 - __main__ - INFO - 已保存 600741 华域汽车
2026-03-10 19:53:21,494 - src.core.calculator - INFO - 处理 [14/25] 600036 招商银行...
2026-03-10 19:53:23,323 - __main__ - INFO - 已保存 600036 招商银行
2026-03-10 19:53:24,824 - src.core.calculator - INFO - 处理 [15/25] 400 许继电气...
2026-03-10 19:53:27,025 - __main__ - INFO - 已保存 400 许继电气
2026-03-10 19:53:28,526 - src.core.calculator - INFO - 处理 [16/25] 600436 片仔癀...
2026-03-10 19:53:30,524 - __main__ - INFO - 已保存 600436 片仔癀
2026-03-10 19:53:32,025 - src.core.calculator - INFO - 处理 [17/25] 600755 厦门国贸...
2026-03-10 19:53:34,424 - __main__ - INFO - 已保存 600755 厦门国贸
2026-03-10 19:53:35,924 - src.core.calculator - INFO - 处理 [18/25] 600282 南钢股份...
2026-03-10 19:53:37,869 - __main__ - INFO - 已保存 600282 南钢股份
2026-03-10 19:53:39,370 - src.core.calculator - INFO - 处理 [19/25] 600123 兰花科创...
2026-03-10 19:53:41,177 - __main__ - INFO - 已保存 600123 兰花科创
2026-03-10 19:53:42,678 - src.core.calculator - INFO - 处理 [20/25] 600285 羚锐制药...
2026-03-10 19:53:44,223 - __main__ - INFO - 已保存 600285 羚锐制药
2026-03-10 19:53:45,724 - src.core.calculator - INFO - 处理 [21/25] 600406 国电南瑞...
2026-03-10 19:53:47,503 - __main__ - INFO - 已保存 600406 国电南瑞
2026-03-10 19:53:49,004 - src.core.calculator - INFO - 处理 [22/25] 600350 山东高速...
2026-03-10 19:53:50,992 - __main__ - INFO - 已保存 600350 山东高速
2026-03-10 19:53:52,493 - src.core.calculator - INFO - 处理 [23/25] 988 华工科技...
2026-03-10 19:53:54,476 - __main__ - INFO - 已保存 988 华工科技
2026-03-10 19:53:55,976 - src.core.calculator - INFO - 处理 [24/25] 600300 维维股份...
2026-03-10 19:53:57,476 - __main__ - INFO - 已保存 600300 维维股份
2026-03-10 19:53:58,977 - src.core.calculator - INFO - 处理 [25/25] 600064 南京高科...
2026-03-10 19:54:00,617 - __main__ - INFO - 已保存 600064 南京高科
2026-03-10 19:54:02,118 - __main__ - INFO - 处理完成，新增 25 只股票数据
2026-03-10 19:58:22,300 - __main__ - INFO - Step 1: 获取股票列表...
2026-03-10 19:58:22,301 - src.data.fetcher - INFO - 使用本地持仓数据...
2026-03-10 19:58:22,311 - src.data.fetcher - INFO - 筛选结果: 主板股票 191 只, 分红>5次 187 只
2026-03-10 19:58:22,321 - __main__ - INFO - 获取到 187 只符合条件的股票
2026-03-10 19:58:22,322 - __main__ - INFO - Step 2: 跳过板块映射更新（使用本地数据）
2026-03-10 19:58:22,329 - __main__ - INFO - 已存在 55 只股票数据，将跳过
2026-03-10 19:58:22,330 - __main__ - INFO - 待处理 132 只股票
2026-03-10 19:58:22,330 - __main__ - INFO - Step 4: 预加载板块信息...
2026-03-10 19:58:22,340 - src.data.board_loader - INFO - 板块映射加载成功: 219 条
2026-03-10 19:58:22,391 - src.data.board_loader - INFO - 申万行业映射加载成功: 5489 条
2026-03-10 19:58:22,451 - __main__ - INFO - Step 5: 计算股息率（增量写入）...
2026-03-10 19:58:22,452 - src.core.calculator - INFO - 处理 [1/25] 600398 海澜之家...
2026-03-10 19:58:25,168 - __main__ - INFO - 已保存 600398 海澜之家
2026-03-10 19:58:26,668 - src.core.calculator - INFO - 处理 [2/25] 600993 马应龙...
2026-03-10 19:58:28,589 - __main__ - INFO - 已保存 600993 马应龙
2026-03-10 19:58:30,090 - src.core.calculator - INFO - 处理 [3/25] 601328 交通银行...
2026-03-10 19:58:33,191 - __main__ - INFO - 已保存 601328 交通银行
2026-03-10 19:58:34,692 - src.core.calculator - INFO - 处理 [4/25] 600284 浦东建设...
2026-03-10 19:58:36,781 - __main__ - INFO - 已保存 600284 浦东建设
2026-03-10 19:58:38,282 - src.core.calculator - INFO - 处理 [5/25] 999 华润三九...
2026-03-10 19:58:40,441 - __main__ - INFO - 已保存 999 华润三九
2026-03-10 19:58:41,942 - src.core.calculator - INFO - 处理 [6/25] 600985 淮北矿业...
2026-03-10 19:58:44,154 - __main__ - INFO - 已保存 600985 淮北矿业
2026-03-10 19:58:45,655 - src.core.calculator - INFO - 处理 [7/25] 2028 思源电气...
2026-03-10 19:58:48,456 - __main__ - INFO - 已保存 2028 思源电气
2026-03-10 19:58:49,957 - src.core.calculator - INFO - 处理 [8/25] 600351 亚宝药业...
2026-03-10 19:58:51,604 - __main__ - INFO - 已保存 600351 亚宝药业
2026-03-10 19:58:53,105 - src.core.calculator - INFO - 处理 [9/25] 807 云铝股份...
2026-03-10 19:58:55,482 - __main__ - INFO - 已保存 807 云铝股份
2026-03-10 19:58:56,983 - src.core.calculator - INFO - 处理 [10/25] 601899 紫金矿业...
2026-03-10 19:58:58,895 - __main__ - INFO - 已保存 601899 紫金矿业
2026-03-10 19:59:00,396 - src.core.calculator - INFO - 处理 [11/25] 975 山金国际...
2026-03-10 19:59:02,789 - __main__ - INFO - 已保存 975 山金国际
2026-03-10 19:59:04,290 - src.core.calculator - INFO - 处理 [12/25] 601939 建设银行...
2026-03-10 19:59:15,110 - __main__ - INFO - 已保存 601939 建设银行
2026-03-10 19:59:16,611 - src.core.calculator - INFO - 处理 [13/25] 601988 中国银行...
2026-03-10 19:59:18,364 - __main__ - INFO - 已保存 601988 中国银行
2026-03-10 19:59:19,865 - src.core.calculator - INFO - 处理 [14/25] 600582 天地科技...
2026-03-10 19:59:21,723 - __main__ - INFO - 已保存 600582 天地科技
2026-03-10 19:59:23,224 - src.core.calculator - INFO - 处理 [15/25] 2043 兔宝宝...
2026-03-10 19:59:24,762 - __main__ - INFO - 已保存 2043 兔宝宝
2026-03-10 19:59:26,263 - src.core.calculator - INFO - 处理 [16/25] 600997 开滦股份...
2026-03-10 19:59:28,241 - __main__ - INFO - 已保存 600997 开滦股份
2026-03-10 19:59:29,742 - src.core.calculator - INFO - 处理 [17/25] 600461 洪城环境...
2026-03-10 19:59:31,680 - __main__ - INFO - 已保存 600461 洪城环境
2026-03-10 19:59:33,182 - src.core.calculator - INFO - 处理 [18/25] 600373 中文传媒...
2026-03-10 19:59:34,838 - __main__ - INFO - 已保存 600373 中文传媒
2026-03-10 19:59:36,339 - src.core.calculator - INFO - 处理 [19/25] 601006 大秦铁路...
2026-03-10 19:59:38,607 - __main__ - INFO - 已保存 601006 大秦铁路
2026-03-10 19:59:40,109 - src.core.calculator - INFO - 处理 [20/25] 2117 东港股份...
2026-03-10 19:59:42,067 - __main__ - INFO - 已保存 2117 东港股份
2026-03-10 19:59:43,568 - src.core.calculator - INFO - 处理 [21/25] 600502 安徽建工...
2026-03-10 19:59:45,097 - __main__ - INFO - 已保存 600502 安徽建工
2026-03-10 19:59:46,598 - src.core.calculator - INFO - 处理 [22/25] 2233 塔牌集团...
2026-03-10 19:59:48,141 - __main__ - INFO - 已保存 2233 塔牌集团
2026-03-10 19:59:49,642 - src.core.calculator - INFO - 处理 [23/25] 2154 报喜鸟...
2026-03-10 19:59:51,182 - __main__ - INFO - 已保存 2154 报喜鸟
2026-03-10 19:59:52,683 - src.core.calculator - INFO - 处理 [24/25] 601398 工商银行...
2026-03-10 19:59:54,236 - __main__ - INFO - 已保存 601398 工商银行
2026-03-10 19:59:55,737 - src.core.calculator - INFO - 处理 [25/25] 601601 中国太保...
2026-03-10 19:59:57,273 - __main__ - INFO - 已保存 601601 中国太保
2026-03-10 19:59:58,773 - __main__ - INFO - 处理完成，新增 25 只股票数据
2026-03-10 21:47:18,080 - __main__ - INFO - Step 1: 获取股票列表...
2026-03-10 21:47:18,081 - src.data.fetcher - INFO - 使用本地持仓数据...
2026-03-10 21:47:18,103 - src.data.fetcher - INFO - 筛选结果: 主板股票 191 只, 分红>5次 187 只
2026-03-10 21:47:18,110 - __main__ - INFO - 获取到 187 只符合条件的股票
2026-03-10 21:47:18,110 - __main__ - INFO - Step 2: 跳过板块映射更新（使用本地数据）
2026-03-10 21:47:18,113 - __main__ - INFO - 已存在 80 只股票数据，将跳过
2026-03-10 21:47:18,113 - __main__ - INFO - 待处理 107 只股票
2026-03-10 21:47:18,113 - __main__ - INFO - Step 4: 预加载板块信息...
2026-03-10 21:47:18,116 - src.data.board_loader - INFO - 板块映射加载成功: 219 条
2026-03-10 21:47:18,134 - src.data.board_loader - INFO - 申万行业映射加载成功: 5489 条
2026-03-10 21:47:18,171 - __main__ - INFO - Step 5: 计算股息率（增量写入）...
2026-03-10 21:47:18,172 - src.core.calculator - INFO - 处理 [1/25] 2540 亚太科技...
2026-03-10 21:47:19,051 - __main__ - INFO - 已保存 2540 亚太科技
2026-03-10 21:47:20,551 - src.core.calculator - INFO - 处理 [2/25] 600096 云天化...
2026-03-10 21:47:21,394 - __main__ - INFO - 已保存 600096 云天化
2026-03-10 21:47:22,895 - src.core.calculator - INFO - 处理 [3/25] 601169 北京银行...
2026-03-10 21:47:23,914 - __main__ - INFO - 已保存 601169 北京银行
2026-03-10 21:47:25,415 - src.core.calculator - INFO - 处理 [4/25] 600737 中粮糖业...
2026-03-10 21:47:26,386 - __main__ - INFO - 已保存 600737 中粮糖业
2026-03-10 21:47:27,887 - src.core.calculator - INFO - 处理 [5/25] 2078 太阳纸业...
2026-03-10 21:47:28,691 - __main__ - INFO - 已保存 2078 太阳纸业
2026-03-10 21:47:30,192 - src.core.calculator - INFO - 处理 [6/25] 600348 华阳股份...
2026-03-10 21:47:31,080 - __main__ - INFO - 已保存 600348 华阳股份
2026-03-10 21:47:32,581 - src.core.calculator - INFO - 处理 [7/25] 601088 中国神华...
2026-03-10 21:47:33,908 - __main__ - INFO - 已保存 601088 中国神华
2026-03-10 21:47:35,409 - src.core.calculator - INFO - 处理 [8/25] 2267 陕天然气...
2026-03-10 21:47:36,717 - __main__ - INFO - 已保存 2267 陕天然气
2026-03-10 21:47:38,218 - src.core.calculator - INFO - 处理 [9/25] 600873 梅花生物...
2026-03-10 21:47:39,550 - __main__ - INFO - 已保存 600873 梅花生物
2026-03-10 21:47:41,051 - src.core.calculator - INFO - 处理 [10/25] 601009 南京银行...
2026-03-10 21:47:41,836 - __main__ - INFO - 已保存 601009 南京银行
2026-03-10 21:47:43,337 - src.core.calculator - INFO - 处理 [11/25] 2096 易普力...
2026-03-10 21:47:44,194 - __main__ - INFO - 已保存 2096 易普力
2026-03-10 21:47:45,695 - src.core.calculator - INFO - 处理 [12/25] 601166 兴业银行...
2026-03-10 21:47:46,609 - __main__ - INFO - 已保存 601166 兴业银行
2026-03-10 21:47:48,110 - src.core.calculator - INFO - 处理 [13/25] 2046 国机精工...
2026-03-10 21:47:49,094 - __main__ - INFO - 已保存 2046 国机精工
2026-03-10 21:47:50,595 - src.core.calculator - INFO - 处理 [14/25] 2353 杰瑞股份...
2026-03-10 21:47:53,121 - __main__ - INFO - 已保存 2353 杰瑞股份
2026-03-10 21:47:54,621 - src.core.calculator - INFO - 处理 [15/25] 601928 凤凰传媒...
2026-03-10 21:47:55,473 - __main__ - INFO - 已保存 601928 凤凰传媒
2026-03-10 21:47:56,973 - src.core.calculator - INFO - 处理 [16/25] 2056 横店东磁...
2026-03-10 21:47:57,883 - __main__ - INFO - 已保存 2056 横店东磁
2026-03-10 21:47:59,383 - src.core.calculator - INFO - 处理 [17/25] 2179 中航光电...
2026-03-10 21:48:00,253 - __main__ - INFO - 已保存 2179 中航光电
2026-03-10 21:48:01,754 - src.core.calculator - INFO - 处理 [18/25] 601998 中信银行...
2026-03-10 21:48:02,692 - __main__ - INFO - 已保存 601998 中信银行
2026-03-10 21:48:04,193 - src.core.calculator - INFO - 处理 [19/25] 600562 国睿科技...
2026-03-10 21:48:05,026 - __main__ - INFO - 已保存 600562 国睿科技
2026-03-10 21:48:06,526 - src.core.calculator - INFO - 处理 [20/25] 2158 汉钟精机...
2026-03-10 21:48:07,343 - __main__ - INFO - 已保存 2158 汉钟精机
2026-03-10 21:48:08,844 - src.core.calculator - INFO - 处理 [21/25] 601168 西部矿业...
2026-03-10 21:48:09,739 - __main__ - INFO - 已保存 601168 西部矿业
2026-03-10 21:48:11,239 - src.core.calculator - INFO - 处理 [22/25] 601008 连云港...
2026-03-10 21:48:12,101 - __main__ - INFO - 已保存 601008 连云港
2026-03-10 21:48:13,602 - src.core.calculator - INFO - 处理 [23/25] 2409 雅克科技...
2026-03-10 21:48:14,486 - __main__ - INFO - 已保存 2409 雅克科技
2026-03-10 21:48:15,987 - src.core.calculator - INFO - 处理 [24/25] 601699 潞安环能...
2026-03-10 21:48:17,150 - __main__ - INFO - 已保存 601699 潞安环能
2026-03-10 21:48:18,651 - src.core.calculator - INFO - 处理 [25/25] 2415 海康威视...
2026-03-10 21:48:19,540 - __main__ - INFO - 已保存 2415 海康威视
2026-03-10 21:48:21,041 - __main__ - INFO - 处理完成，新增 25 只股票数据
2026-03-10 22:09:10,617 - __main__ - INFO - Step 1: 获取股票列表...
2026-03-10 22:09:10,617 - src.data.fetcher - INFO - 使用本地持仓数据...
2026-03-10 22:09:10,622 - src.data.fetcher - INFO - 筛选结果: 主板股票 191 只, 分红>5次 187 只
2026-03-10 22:09:10,628 - __main__ - INFO - 获取到 187 只符合条件的股票
2026-03-10 22:09:10,628 - __main__ - INFO - Step 2: 跳过板块映射更新（使用本地数据）
2026-03-10 22:09:10,631 - __main__ - INFO - 已存在 105 只股票数据，将跳过
2026-03-10 22:09:10,632 - __main__ - INFO - 待处理 82 只股票
2026-03-10 22:09:10,632 - __main__ - INFO - Step 4: 预加载板块信息...
2026-03-10 22:09:10,635 - src.data.board_loader - INFO - 板块映射加载成功: 219 条
2026-03-10 22:09:10,647 - src.data.board_loader - INFO - 申万行业映射加载成功: 5489 条
2026-03-10 22:09:10,695 - __main__ - INFO - Step 5: 计算股息率（增量写入）...
2026-03-10 22:09:10,696 - src.core.calculator - INFO - 处理 [1/25] 600971 恒源煤电...
2026-03-10 22:09:12,528 - __main__ - INFO - 已保存 600971 恒源煤电
2026-03-10 22:09:14,029 - src.core.calculator - INFO - 处理 [2/25] 2262 恩华药业...
2026-03-10 22:09:14,905 - __main__ - INFO - 已保存 2262 恩华药业
2026-03-10 22:09:16,406 - src.core.calculator - INFO - 处理 [3/25] 2017 东信和平...
2026-03-10 22:09:18,030 - __main__ - INFO - 已保存 2017 东信和平
2026-03-10 22:09:19,531 - src.core.calculator - INFO - 处理 [4/25] 601000 唐山港...
2026-03-10 22:09:21,859 - __main__ - INFO - 已保存 601000 唐山港
2026-03-10 22:09:23,360 - src.core.calculator - INFO - 处理 [5/25] 2532 天山铝业...
2026-03-10 22:09:24,384 - __main__ - INFO - 已保存 2532 天山铝业
2026-03-10 22:09:25,884 - src.core.calculator - INFO - 处理 [6/25] 601668 中国建筑...
2026-03-10 22:09:26,778 - __main__ - INFO - 已保存 601668 中国建筑
2026-03-10 22:09:28,279 - src.core.calculator - INFO - 处理 [7/25] 601288 农业银行...
2026-03-10 22:09:29,205 - __main__ - INFO - 已保存 601288 农业银行
2026-03-10 22:09:30,706 - src.core.calculator - INFO - 处理 [8/25] 601958 金钼股份...
2026-03-10 22:09:31,768 - __main__ - INFO - 已保存 601958 金钼股份
2026-03-10 22:09:33,268 - src.core.calculator - INFO - 处理 [9/25] 601098 中南传媒...
2026-03-10 22:09:34,436 - __main__ - INFO - 已保存 601098 中南传媒
2026-03-10 22:09:35,937 - src.core.calculator - INFO - 处理 [10/25] 2318 久立特材...
2026-03-10 22:09:36,935 - __main__ - INFO - 已保存 2318 久立特材
2026-03-10 22:09:38,436 - src.core.calculator - INFO - 处理 [11/25] 600039 四川路桥...
2026-03-10 22:09:39,762 - __main__ - INFO - 已保存 600039 四川路桥
2026-03-10 22:09:41,263 - src.core.calculator - INFO - 处理 [12/25] 601818 光大银行...
2026-03-10 22:09:42,272 - __main__ - INFO - 已保存 601818 光大银行
2026-03-10 22:09:43,773 - src.core.calculator - INFO - 处理 [13/25] 915 华特达因...
2026-03-10 22:09:44,992 - __main__ - INFO - 已保存 915 华特达因
2026-03-10 22:09:46,493 - src.core.calculator - INFO - 处理 [14/25] 600256 广汇能源...
2026-03-10 22:09:48,566 - __main__ - INFO - 已保存 600256 广汇能源
2026-03-10 22:09:50,067 - src.core.calculator - INFO - 处理 [15/25] 600757 长江传媒...
2026-03-10 22:09:51,747 - __main__ - INFO - 已保存 600757 长江传媒
2026-03-10 22:09:53,248 - src.core.calculator - INFO - 处理 [16/25] 404 长虹华意...
2026-03-10 22:09:54,463 - __main__ - INFO - 已保存 404 长虹华意
2026-03-10 22:09:55,963 - src.core.calculator - INFO - 处理 [17/25] 2563 森马服饰...
2026-03-10 22:09:57,805 - __main__ - INFO - 已保存 2563 森马服饰
2026-03-10 22:09:59,306 - src.core.calculator - INFO - 处理 [18/25] 601717 中创智领...
2026-03-10 22:10:01,681 - __main__ - INFO - 已保存 601717 中创智领
2026-03-10 22:10:03,183 - src.core.calculator - INFO - 处理 [19/25] 601666 平煤股份...
2026-03-10 22:10:05,739 - __main__ - INFO - 已保存 601666 平煤股份
2026-03-10 22:10:07,241 - src.core.calculator - INFO - 处理 [20/25] 601101 昊华能源...
2026-03-10 22:10:09,679 - __main__ - INFO - 已保存 601101 昊华能源
2026-03-10 22:10:11,181 - src.core.calculator - INFO - 处理 [21/25] 600546 山煤国际...
2026-03-10 22:10:13,694 - __main__ - INFO - 已保存 600546 山煤国际
2026-03-10 22:10:15,195 - src.core.calculator - INFO - 处理 [22/25] 601336 新华保险...
2026-03-10 22:10:17,591 - __main__ - INFO - 已保存 601336 新华保险
2026-03-10 22:10:19,093 - src.core.calculator - INFO - 处理 [23/25] 2572 索菲亚...
2026-03-10 22:10:21,272 - __main__ - INFO - 已保存 2572 索菲亚
2026-03-10 22:10:22,773 - src.core.calculator - INFO - 处理 [24/25] 672 上峰水泥...
2026-03-10 22:10:25,558 - __main__ - INFO - 已保存 672 上峰水泥
2026-03-10 22:10:27,060 - src.core.calculator - INFO - 处理 [25/25] 601225 陕西煤业...
2026-03-10 22:10:29,506 - __main__ - INFO - 已保存 601225 陕西煤业
2026-03-10 22:10:31,007 - __main__ - INFO - 处理完成，新增 25 只股票数据
2026-03-10 22:12:33,845 - __main__ - INFO - Step 1: 获取股票列表...
2026-03-10 22:12:33,845 - src.data.fetcher - INFO - 使用本地持仓数据...
2026-03-10 22:12:33,850 - src.data.fetcher - INFO - 筛选结果: 主板股票 191 只, 分红>5次 187 只
2026-03-10 22:12:33,855 - __main__ - INFO - 获取到 187 只符合条件的股票
2026-03-10 22:12:33,855 - __main__ - INFO - Step 2: 跳过板块映射更新（使用本地数据）
2026-03-10 22:12:33,859 - __main__ - INFO - 已存在 130 只股票数据，将跳过
2026-03-10 22:12:33,859 - __main__ - INFO - 待处理 57 只股票
2026-03-10 22:12:33,860 - __main__ - INFO - Step 4: 预加载板块信息...
2026-03-10 22:12:33,862 - src.data.board_loader - INFO - 板块映射加载成功: 219 条
2026-03-10 22:12:33,877 - src.data.board_loader - INFO - 申万行业映射加载成功: 5489 条
2026-03-10 22:12:33,906 - __main__ - INFO - Step 5: 计算股息率（增量写入）...
2026-03-10 22:12:33,907 - src.core.calculator - INFO - 处理 [1/25] 601216 君正集团...
2026-03-10 22:12:35,280 - __main__ - INFO - 已保存 601216 君正集团
2026-03-10 22:12:36,781 - src.core.calculator - INFO - 处理 [2/25] 2371 北方华创...
2026-03-10 22:12:38,089 - __main__ - INFO - 已保存 2371 北方华创
2026-03-10 22:12:39,589 - src.core.calculator - INFO - 处理 [3/25] 600057 厦门象屿...
2026-03-10 22:12:40,626 - __main__ - INFO - 已保存 600057 厦门象屿
2026-03-10 22:12:42,127 - src.core.calculator - INFO - 处理 [4/25] 2690 美亚光电...
2026-03-10 22:12:43,531 - __main__ - INFO - 已保存 2690 美亚光电
2026-03-10 22:12:45,031 - src.core.calculator - INFO - 处理 [5/25] 603444 吉比特...
2026-03-10 22:12:45,909 - __main__ - INFO - 已保存 603444 吉比特
2026-03-10 22:12:47,410 - src.core.calculator - INFO - 处理 [6/25] 603040 新坐标...
2026-03-10 22:12:48,450 - __main__ - INFO - 已保存 603040 新坐标
2026-03-10 22:12:49,951 - src.core.calculator - INFO - 处理 [7/25] 601001 晋控煤业...
2026-03-10 22:12:51,001 - __main__ - INFO - 已保存 601001 晋控煤业
2026-03-10 22:12:52,502 - src.core.calculator - INFO - 处理 [8/25] 2756 永兴材料...
2026-03-10 22:12:53,655 - __main__ - INFO - 已保存 2756 永兴材料
2026-03-10 22:12:55,157 - src.core.calculator - INFO - 处理 [9/25] 603508 思维列控...
2026-03-10 22:12:56,258 - __main__ - INFO - 已保存 603508 思维列控
2026-03-10 22:12:57,759 - src.core.calculator - INFO - 处理 [10/25] 333 美的集团...
2026-03-10 22:12:58,745 - __main__ - INFO - 已保存 333 美的集团
2026-03-10 22:13:00,246 - src.core.calculator - INFO - 处理 [11/25] 2867 周大生...
2026-03-10 22:13:01,545 - __main__ - INFO - 已保存 2867 周大生
2026-03-10 22:13:03,045 - src.core.calculator - INFO - 处理 [12/25] 601900 南方传媒...
2026-03-10 22:13:03,969 - __main__ - INFO - 已保存 601900 南方传媒
2026-03-10 22:13:05,470 - src.core.calculator - INFO - 处理 [13/25] 2737 葵花药业...
2026-03-10 22:13:06,752 - __main__ - INFO - 已保存 2737 葵花药业
2026-03-10 22:13:08,253 - src.core.calculator - INFO - 处理 [14/25] 2416 爱施德...
2026-03-10 22:13:09,486 - __main__ - INFO - 已保存 2416 爱施德
2026-03-10 22:13:10,987 - src.core.calculator - INFO - 处理 [15/25] 601598 中国外运...
2026-03-10 22:13:12,911 - __main__ - INFO - 已保存 601598 中国外运
2026-03-10 22:13:14,413 - src.core.calculator - INFO - 处理 [16/25] 603611 诺力股份...
2026-03-10 22:13:16,982 - __main__ - INFO - 已保存 603611 诺力股份
2026-03-10 22:13:18,483 - src.core.calculator - INFO - 处理 [17/25] 603929 亚翔集成...
2026-03-10 22:13:20,977 - __main__ - INFO - 已保存 603929 亚翔集成
2026-03-10 22:13:22,479 - src.core.calculator - INFO - 处理 [18/25] 600919 江苏银行...
2026-03-10 22:13:24,893 - __main__ - INFO - 已保存 600919 江苏银行
2026-03-10 22:13:26,394 - src.core.calculator - INFO - 处理 [19/25] 601919 中远海控...
2026-03-10 22:13:29,833 - __main__ - INFO - 已保存 601919 中远海控
2026-03-10 22:13:31,334 - src.core.calculator - INFO - 处理 [20/25] 603367 辰欣药业...
2026-03-10 22:13:32,151 - __main__ - INFO - 已保存 603367 辰欣药业
2026-03-10 22:13:33,652 - src.core.calculator - INFO - 处理 [21/25] 601229 上海银行...
2026-03-10 22:13:34,889 - __main__ - INFO - 已保存 601229 上海银行
2026-03-10 22:13:36,390 - src.core.calculator - INFO - 处理 [22/25] 601997 贵阳银行...
2026-03-10 22:13:37,240 - __main__ - INFO - 已保存 601997 贵阳银行
2026-03-10 22:13:38,741 - src.core.calculator - INFO - 处理 [23/25] 603203 快克智能...
2026-03-10 22:13:40,418 - __main__ - INFO - 已保存 603203 快克智能
2026-03-10 22:13:41,919 - src.core.calculator - INFO - 处理 [24/25] 603871 嘉友国际...
2026-03-10 22:13:42,973 - __main__ - INFO - 已保存 603871 嘉友国际
2026-03-10 22:13:44,474 - src.core.calculator - INFO - 处理 [25/25] 603233 大参林...
2026-03-10 22:13:45,723 - __main__ - INFO - 已保存 603233 大参林
2026-03-10 22:13:47,224 - __main__ - INFO - 处理完成，新增 25 只股票数据
2026-03-10 22:20:29,038 - __main__ - INFO - Step 1: 获取股票列表...
2026-03-10 22:20:29,038 - src.data.fetcher - INFO - 使用本地持仓数据...
2026-03-10 22:20:29,046 - src.data.fetcher - INFO - 筛选结果: 主板股票 191 只, 分红>5次 187 只
2026-03-10 22:20:29,049 - __main__ - INFO - 获取到 187 只符合条件的股票
2026-03-10 22:20:29,050 - __main__ - INFO - Step 2: 跳过板块映射更新（使用本地数据）
2026-03-10 22:20:29,055 - __main__ - INFO - 已存在 155 只股票数据，将跳过
2026-03-10 22:20:29,055 - __main__ - INFO - 待处理 32 只股票
2026-03-10 22:20:29,056 - __main__ - INFO - Step 4: 预加载板块信息...
2026-03-10 22:20:29,060 - src.data.board_loader - INFO - 板块映射加载成功: 219 条
2026-03-10 22:20:29,072 - src.data.board_loader - INFO - 申万行业映射加载成功: 5489 条
2026-03-10 22:20:29,102 - __main__ - INFO - Step 5: 计算股息率（增量写入）...
2026-03-10 22:20:29,103 - src.core.calculator - INFO - 处理 [1/25] 603816 顾家家居...
2026-03-10 22:20:30,214 - __main__ - INFO - 已保存 603816 顾家家居
2026-03-10 22:20:31,715 - src.core.calculator - INFO - 处理 [2/25] 603259 药明康德...
2026-03-10 22:20:32,514 - __main__ - INFO - 已保存 603259 药明康德
2026-03-10 22:20:34,014 - src.core.calculator - INFO - 处理 [3/25] 1206 依依股份...
2026-03-10 22:20:35,065 - __main__ - INFO - 已保存 1206 依依股份
2026-03-10 22:20:36,565 - src.core.calculator - INFO - 处理 [4/25] 2850 科达利...
2026-03-10 22:20:37,334 - __main__ - INFO - 已保存 2850 科达利
2026-03-10 22:20:38,835 - src.core.calculator - INFO - 处理 [5/25] 408 藏格矿业...
2026-03-10 22:20:39,709 - __main__ - INFO - 已保存 408 藏格矿业
2026-03-10 22:20:41,210 - src.core.calculator - INFO - 处理 [6/25] 601019 山东出版...
2026-03-10 22:20:42,272 - __main__ - INFO - 已保存 601019 山东出版
2026-03-10 22:20:43,773 - src.core.calculator - INFO - 处理 [7/25] 603833 欧派家居...
2026-03-10 22:20:44,782 - __main__ - INFO - 已保存 603833 欧派家居
2026-03-10 22:20:46,283 - src.core.calculator - INFO - 处理 [8/25] 600901 江苏金租...
2026-03-10 22:20:47,347 - __main__ - INFO - 已保存 600901 江苏金租
2026-03-10 22:20:48,848 - src.core.calculator - INFO - 处理 [9/25] 603380 易德龙...
2026-03-10 22:20:49,629 - __main__ - INFO - 已保存 603380 易德龙
2026-03-10 22:20:51,130 - src.core.calculator - INFO - 处理 [10/25] 2895 川恒股份...
2026-03-10 22:20:51,953 - __main__ - INFO - 已保存 2895 川恒股份
2026-03-10 22:20:53,454 - src.core.calculator - INFO - 处理 [11/25] 2192 融捷股份...
2026-03-10 22:20:54,290 - __main__ - INFO - 已保存 2192 融捷股份
2026-03-10 22:20:55,791 - src.core.calculator - INFO - 处理 [12/25] 601838 成都银行...
2026-03-10 22:20:56,579 - __main__ - INFO - 已保存 601838 成都银行
2026-03-10 22:20:58,080 - src.core.calculator - INFO - 处理 [13/25] 603129 春风动力...
2026-03-10 22:20:58,930 - __main__ - INFO - 已保存 603129 春风动力
2026-03-10 22:21:00,431 - src.core.calculator - INFO - 处理 [14/25] 601825 沪农商行...
2026-03-10 22:21:01,479 - __main__ - INFO - 已保存 601825 沪农商行
2026-03-10 22:21:02,980 - src.core.calculator - INFO - 处理 [15/25] 605028 世茂能源...
2026-03-10 22:21:03,851 - __main__ - INFO - 已保存 605028 世茂能源
2026-03-10 22:21:05,352 - src.core.calculator - INFO - 处理 [16/25] 603565 中谷物流...
2026-03-10 22:21:06,103 - __main__ - INFO - 已保存 603565 中谷物流
2026-03-10 22:21:07,604 - src.core.calculator - INFO - 处理 [17/25] 600938 中国海油...
2026-03-10 22:21:08,334 - __main__ - INFO - 已保存 600938 中国海油
2026-03-10 22:21:09,835 - src.core.calculator - INFO - 处理 [18/25] 603967 中创物流...
2026-03-10 22:21:10,673 - __main__ - INFO - 已保存 603967 中创物流
2026-03-10 22:21:12,174 - src.core.calculator - INFO - 处理 [19/25] 603317 天味食品...
2026-03-10 22:21:12,976 - __main__ - INFO - 已保存 603317 天味食品
2026-03-10 22:21:14,477 - src.core.calculator - INFO - 处理 [20/25] 603529 爱玛科技...
2026-03-10 22:21:15,280 - __main__ - INFO - 已保存 603529 爱玛科技
2026-03-10 22:21:16,780 - src.core.calculator - INFO - 处理 [21/25] 601658 邮储银行...
2026-03-10 22:21:17,498 - __main__ - INFO - 已保存 601658 邮储银行
2026-03-10 22:21:18,999 - src.core.calculator - INFO - 处理 [22/25] 605499 东鹏饮料...
2026-03-10 22:21:19,689 - __main__ - INFO - 已保存 605499 东鹏饮料
2026-03-10 22:21:21,190 - src.core.calculator - INFO - 处理 [23/25] 601077 渝农商行...
2026-03-10 22:21:21,886 - __main__ - INFO - 已保存 601077 渝农商行
2026-03-10 22:21:23,387 - src.core.calculator - INFO - 处理 [24/25] 605118 力鼎光电...
2026-03-10 22:21:24,079 - __main__ - INFO - 已保存 605118 力鼎光电
2026-03-10 22:21:25,580 - src.core.calculator - INFO - 处理 [25/25] 603706 东方环宇...
2026-03-10 22:21:26,302 - __main__ - INFO - 已保存 603706 东方环宇
2026-03-10 22:21:27,802 - __main__ - INFO - 处理完成，新增 25 只股票数据
2026-03-10 22:21:54,151 - __main__ - INFO - Step 1: 获取股票列表...
2026-03-10 22:21:54,152 - src.data.fetcher - INFO - 使用本地持仓数据...
2026-03-10 22:21:54,163 - src.data.fetcher - INFO - 筛选结果: 主板股票 191 只, 分红>5次 187 只
2026-03-10 22:21:54,178 - __main__ - INFO - 获取到 187 只符合条件的股票
2026-03-10 22:21:54,178 - __main__ - INFO - Step 2: 跳过板块映射更新（使用本地数据）
2026-03-10 22:21:54,185 - __main__ - INFO - 已存在 180 只股票数据，将跳过
2026-03-10 22:21:54,185 - __main__ - INFO - 待处理 7 只股票
2026-03-10 22:21:54,185 - __main__ - INFO - Step 4: 预加载板块信息...
2026-03-10 22:21:54,188 - src.data.board_loader - INFO - 板块映射加载成功: 219 条
2026-03-10 22:21:54,201 - src.data.board_loader - INFO - 申万行业映射加载成功: 5489 条
2026-03-10 22:21:54,213 - __main__ - INFO - Step 5: 计算股息率（增量写入）...
2026-03-10 22:21:54,214 - src.core.calculator - INFO - 处理 [1/7] 603893 瑞芯微...
2026-03-10 22:21:55,177 - src.core.calculator - WARNING - 获取 603893 分红数据失败: No tables found
2026-03-10 22:21:55,191 - __main__ - INFO - 已保存 603893 瑞芯微
2026-03-10 22:21:56,692 - src.core.calculator - INFO - 处理 [2/7] 2959 小熊电器...
2026-03-10 22:21:57,549 - src.core.calculator - WARNING - 获取 002959 分红数据失败: No tables found
2026-03-10 22:21:57,572 - __main__ - INFO - 已保存 2959 小熊电器
2026-03-10 22:21:59,073 - src.core.calculator - INFO - 处理 [3/7] 603379 三美股份...
2026-03-10 22:22:00,010 - src.core.calculator - WARNING - 获取 603379 分红数据失败: No tables found
2026-03-10 22:22:00,036 - __main__ - INFO - 已保存 603379 三美股份
2026-03-10 22:24:52,904 - __main__ - INFO - Step 1: 获取股票列表...
2026-03-10 22:24:52,904 - src.data.fetcher - INFO - 使用本地持仓数据...
2026-03-10 22:24:52,909 - src.data.fetcher - INFO - 筛选结果: 主板股票 191 只, 分红>5次 187 只
2026-03-10 22:24:52,913 - __main__ - INFO - 获取到 187 只符合条件的股票
2026-03-10 22:24:52,913 - __main__ - INFO - Step 2: 跳过板块映射更新（使用本地数据）
2026-03-10 22:24:52,917 - __main__ - INFO - 已存在 183 只股票数据，将跳过
2026-03-10 22:24:52,918 - __main__ - INFO - 待处理 4 只股票
2026-03-10 22:24:52,918 - __main__ - INFO - Step 4: 预加载板块信息...
2026-03-10 22:24:52,921 - src.data.board_loader - INFO - 板块映射加载成功: 219 条
2026-03-10 22:24:52,933 - src.data.board_loader - INFO - 申万行业映射加载成功: 5489 条
2026-03-10 22:24:52,941 - __main__ - INFO - Step 5: 计算股息率（增量写入）...
2026-03-10 22:24:52,941 - src.core.calculator - INFO - 处理 [1/4] 603486 科沃斯...
2026-03-10 22:24:53,784 - src.core.calculator - WARNING - 获取 603486 分红数据失败: No tables found
2026-03-10 22:24:53,800 - __main__ - INFO - 已保存 603486 科沃斯
2026-03-10 22:24:55,301 - src.core.calculator - INFO - 处理 [2/4] 601187 厦门银行...
2026-03-10 22:24:56,136 - src.core.calculator - WARNING - 获取 601187 分红数据失败: No tables found
2026-03-10 22:24:56,156 - __main__ - INFO - 已保存 601187 厦门银行
2026-03-10 22:24:57,657 - src.core.calculator - INFO - 处理 [3/4] 603195 公牛集团...
2026-03-10 22:24:58,697 - src.core.calculator - WARNING - 获取 603195 分红数据失败: No tables found
2026-03-10 22:24:58,715 - __main__ - INFO - 已保存 603195 公牛集团
2026-03-11 09:11:40,469 - __main__ - INFO - Step 1: 获取股票列表...
2026-03-11 09:11:40,470 - src.data.fetcher - INFO - 使用本地持仓数据...
2026-03-11 09:11:40,486 - src.data.fetcher - INFO - 筛选结果: 主板股票 191 只, 分红>5次 187 只
2026-03-11 09:11:40,492 - __main__ - INFO - 获取到 187 只符合条件的股票
2026-03-11 09:11:40,493 - __main__ - INFO - Step 2: 跳过板块映射更新（使用本地数据）
2026-03-11 09:11:40,499 - __main__ - INFO - 已存在 180 只股票数据，将跳过
2026-03-11 09:11:40,499 - __main__ - INFO - 待处理 7 只股票
2026-03-11 09:11:40,499 - __main__ - INFO - Step 4: 预加载板块信息...
2026-03-11 09:11:40,503 - src.data.board_loader - INFO - 板块映射加载成功: 219 条
2026-03-11 09:11:40,520 - src.data.board_loader - INFO - 申万行业映射加载成功: 5489 条
2026-03-11 09:11:40,532 - __main__ - INFO - Step 5: 计算股息率（增量写入）...
2026-03-11 09:11:40,532 - src.core.calculator - INFO - 处理 [1/7] 603893 瑞芯微...
2026-03-11 09:11:41,729 - __main__ - INFO - 已保存 603893 瑞芯微
2026-03-11 09:11:43,230 - src.core.calculator - INFO - 处理 [2/7] 2959 小熊电器...
2026-03-11 09:11:44,283 - __main__ - INFO - 已保存 2959 小熊电器
2026-03-11 09:11:45,784 - src.core.calculator - INFO - 处理 [3/7] 603379 三美股份...
2026-03-11 09:11:46,700 - __main__ - INFO - 已保存 603379 三美股份
2026-03-11 09:11:48,201 - src.core.calculator - INFO - 处理 [4/7] 603486 科沃斯...
2026-03-11 09:11:49,157 - __main__ - INFO - 已保存 603486 科沃斯
2026-03-11 09:11:50,658 - src.core.calculator - INFO - 处理 [5/7] 601187 厦门银行...
2026-03-11 09:11:51,559 - __main__ - INFO - 已保存 601187 厦门银行
2026-03-11 09:11:53,060 - src.core.calculator - INFO - 处理 [6/7] 603195 公牛集团...
2026-03-11 09:11:54,013 - __main__ - INFO - 已保存 603195 公牛集团
2026-03-11 09:11:55,514 - src.core.calculator - INFO - 处理 [7/7] 601963 重庆银行...
2026-03-11 09:11:56,477 - __main__ - INFO - 已保存 601963 重庆银行
2026-03-11 09:11:57,978 - __main__ - INFO - 处理完成，新增 7 只股票数据
